[2026-04-27T07:15:25.494+0000] {processor.py:186} INFO - Started process (PID=33) to work on /opt/airflow/dags/kis_current_price_to_postgres.py
[2026-04-27T07:15:25.495+0000] {processor.py:914} INFO - Processing file /opt/airflow/dags/kis_current_price_to_postgres.py for tasks to queue
[2026-04-27T07:15:25.496+0000] {logging_mixin.py:190} INFO - [2026-04-27T07:15:25.496+0000] {dagbag.py:587} INFO - Filling up the DagBag from /opt/airflow/dags/kis_current_price_to_postgres.py
[2026-04-27T07:15:25.499+0000] {logging_mixin.py:190} INFO - [2026-04-27T07:15:25.498+0000] {dagbag.py:386} ERROR - Failed to import: /opt/airflow/dags/kis_current_price_to_postgres.py
Traceback (most recent call last):
  File "/home/airflow/.local/lib/python3.11/site-packages/airflow/models/dagbag.py", line 382, in parse
    loader.exec_module(new_module)
  File "<frozen importlib._bootstrap_external>", line 940, in exec_module
  File "<frozen importlib._bootstrap>", line 241, in _call_with_frames_removed
  File "/opt/airflow/dags/kis_current_price_to_postgres.py", line 6, in <module>
    from estock.services.stock_price_service import collect_kis_current_price
ModuleNotFoundError: No module named 'estock'
[2026-04-27T07:15:25.499+0000] {processor.py:927} WARNING - No viable dags retrieved from /opt/airflow/dags/kis_current_price_to_postgres.py
[2026-04-27T07:15:25.516+0000] {processor.py:208} INFO - Processing /opt/airflow/dags/kis_current_price_to_postgres.py took 0.026 seconds
[2026-04-27T07:15:55.641+0000] {processor.py:186} INFO - Started process (PID=34) to work on /opt/airflow/dags/kis_current_price_to_postgres.py
[2026-04-27T07:15:55.642+0000] {processor.py:914} INFO - Processing file /opt/airflow/dags/kis_current_price_to_postgres.py for tasks to queue
[2026-04-27T07:15:55.644+0000] {logging_mixin.py:190} INFO - [2026-04-27T07:15:55.644+0000] {dagbag.py:587} INFO - Filling up the DagBag from /opt/airflow/dags/kis_current_price_to_postgres.py
[2026-04-27T07:15:55.647+0000] {logging_mixin.py:190} INFO - [2026-04-27T07:15:55.646+0000] {dagbag.py:386} ERROR - Failed to import: /opt/airflow/dags/kis_current_price_to_postgres.py
Traceback (most recent call last):
  File "/home/airflow/.local/lib/python3.11/site-packages/airflow/models/dagbag.py", line 382, in parse
    loader.exec_module(new_module)
  File "<frozen importlib._bootstrap_external>", line 940, in exec_module
  File "<frozen importlib._bootstrap>", line 241, in _call_with_frames_removed
  File "/opt/airflow/dags/kis_current_price_to_postgres.py", line 6, in <module>
    from estock.services.stock_price_service import collect_kis_current_price
ModuleNotFoundError: No module named 'estock'
[2026-04-27T07:15:55.647+0000] {processor.py:927} WARNING - No viable dags retrieved from /opt/airflow/dags/kis_current_price_to_postgres.py
[2026-04-27T07:15:55.672+0000] {processor.py:208} INFO - Processing /opt/airflow/dags/kis_current_price_to_postgres.py took 0.035 seconds
[2026-04-27T07:16:25.786+0000] {processor.py:186} INFO - Started process (PID=35) to work on /opt/airflow/dags/kis_current_price_to_postgres.py
[2026-04-27T07:16:25.787+0000] {processor.py:914} INFO - Processing file /opt/airflow/dags/kis_current_price_to_postgres.py for tasks to queue
[2026-04-27T07:16:25.788+0000] {logging_mixin.py:190} INFO - [2026-04-27T07:16:25.788+0000] {dagbag.py:587} INFO - Filling up the DagBag from /opt/airflow/dags/kis_current_price_to_postgres.py
[2026-04-27T07:16:25.791+0000] {logging_mixin.py:190} INFO - [2026-04-27T07:16:25.790+0000] {dagbag.py:386} ERROR - Failed to import: /opt/airflow/dags/kis_current_price_to_postgres.py
Traceback (most recent call last):
  File "/home/airflow/.local/lib/python3.11/site-packages/airflow/models/dagbag.py", line 382, in parse
    loader.exec_module(new_module)
  File "<frozen importlib._bootstrap_external>", line 940, in exec_module
  File "<frozen importlib._bootstrap>", line 241, in _call_with_frames_removed
  File "/opt/airflow/dags/kis_current_price_to_postgres.py", line 6, in <module>
    from estock.services.stock_price_service import collect_kis_current_price
ModuleNotFoundError: No module named 'estock'
[2026-04-27T07:16:25.792+0000] {processor.py:927} WARNING - No viable dags retrieved from /opt/airflow/dags/kis_current_price_to_postgres.py
[2026-04-27T07:16:25.824+0000] {processor.py:208} INFO - Processing /opt/airflow/dags/kis_current_price_to_postgres.py took 0.043 seconds
[2026-04-27T07:16:55.937+0000] {processor.py:186} INFO - Started process (PID=36) to work on /opt/airflow/dags/kis_current_price_to_postgres.py
[2026-04-27T07:16:55.938+0000] {processor.py:914} INFO - Processing file /opt/airflow/dags/kis_current_price_to_postgres.py for tasks to queue
[2026-04-27T07:16:55.939+0000] {logging_mixin.py:190} INFO - [2026-04-27T07:16:55.939+0000] {dagbag.py:587} INFO - Filling up the DagBag from /opt/airflow/dags/kis_current_price_to_postgres.py
[2026-04-27T07:16:55.942+0000] {logging_mixin.py:190} INFO - [2026-04-27T07:16:55.941+0000] {dagbag.py:386} ERROR - Failed to import: /opt/airflow/dags/kis_current_price_to_postgres.py
Traceback (most recent call last):
  File "/home/airflow/.local/lib/python3.11/site-packages/airflow/models/dagbag.py", line 382, in parse
    loader.exec_module(new_module)
  File "<frozen importlib._bootstrap_external>", line 940, in exec_module
  File "<frozen importlib._bootstrap>", line 241, in _call_with_frames_removed
  File "/opt/airflow/dags/kis_current_price_to_postgres.py", line 6, in <module>
    from estock.services.stock_price_service import collect_kis_current_price
ModuleNotFoundError: No module named 'estock'
[2026-04-27T07:16:55.943+0000] {processor.py:927} WARNING - No viable dags retrieved from /opt/airflow/dags/kis_current_price_to_postgres.py
[2026-04-27T07:16:55.966+0000] {processor.py:208} INFO - Processing /opt/airflow/dags/kis_current_price_to_postgres.py took 0.035 seconds
[2026-04-27T07:17:26.087+0000] {processor.py:186} INFO - Started process (PID=37) to work on /opt/airflow/dags/kis_current_price_to_postgres.py
[2026-04-27T07:17:26.087+0000] {processor.py:914} INFO - Processing file /opt/airflow/dags/kis_current_price_to_postgres.py for tasks to queue
[2026-04-27T07:17:26.089+0000] {logging_mixin.py:190} INFO - [2026-04-27T07:17:26.089+0000] {dagbag.py:587} INFO - Filling up the DagBag from /opt/airflow/dags/kis_current_price_to_postgres.py
[2026-04-27T07:17:26.092+0000] {logging_mixin.py:190} INFO - [2026-04-27T07:17:26.091+0000] {dagbag.py:386} ERROR - Failed to import: /opt/airflow/dags/kis_current_price_to_postgres.py
Traceback (most recent call last):
  File "/home/airflow/.local/lib/python3.11/site-packages/airflow/models/dagbag.py", line 382, in parse
    loader.exec_module(new_module)
  File "<frozen importlib._bootstrap_external>", line 940, in exec_module
  File "<frozen importlib._bootstrap>", line 241, in _call_with_frames_removed
  File "/opt/airflow/dags/kis_current_price_to_postgres.py", line 6, in <module>
    from estock.services.stock_price_service import collect_kis_current_price
ModuleNotFoundError: No module named 'estock'
[2026-04-27T07:17:26.093+0000] {processor.py:927} WARNING - No viable dags retrieved from /opt/airflow/dags/kis_current_price_to_postgres.py
[2026-04-27T07:17:26.118+0000] {processor.py:208} INFO - Processing /opt/airflow/dags/kis_current_price_to_postgres.py took 0.037 seconds
[2026-04-27T07:18:14.958+0000] {processor.py:186} INFO - Started process (PID=33) to work on /opt/airflow/dags/kis_current_price_to_postgres.py
[2026-04-27T07:18:14.960+0000] {processor.py:914} INFO - Processing file /opt/airflow/dags/kis_current_price_to_postgres.py for tasks to queue
[2026-04-27T07:18:14.962+0000] {logging_mixin.py:190} INFO - [2026-04-27T07:18:14.962+0000] {dagbag.py:587} INFO - Filling up the DagBag from /opt/airflow/dags/kis_current_price_to_postgres.py
[2026-04-27T07:18:14.965+0000] {logging_mixin.py:190} INFO - [2026-04-27T07:18:14.964+0000] {dagbag.py:386} ERROR - Failed to import: /opt/airflow/dags/kis_current_price_to_postgres.py
Traceback (most recent call last):
  File "/home/airflow/.local/lib/python3.11/site-packages/airflow/models/dagbag.py", line 382, in parse
    loader.exec_module(new_module)
  File "<frozen importlib._bootstrap_external>", line 940, in exec_module
  File "<frozen importlib._bootstrap>", line 241, in _call_with_frames_removed
  File "/opt/airflow/dags/kis_current_price_to_postgres.py", line 6, in <module>
    from estock.services.stock_price_service import collect_kis_current_price
ModuleNotFoundError: No module named 'estock'
[2026-04-27T07:18:14.965+0000] {processor.py:927} WARNING - No viable dags retrieved from /opt/airflow/dags/kis_current_price_to_postgres.py
[2026-04-27T07:18:14.985+0000] {processor.py:208} INFO - Processing /opt/airflow/dags/kis_current_price_to_postgres.py took 0.032 seconds
[2026-04-27T07:18:45.104+0000] {processor.py:186} INFO - Started process (PID=34) to work on /opt/airflow/dags/kis_current_price_to_postgres.py
[2026-04-27T07:18:45.105+0000] {processor.py:914} INFO - Processing file /opt/airflow/dags/kis_current_price_to_postgres.py for tasks to queue
[2026-04-27T07:18:45.106+0000] {logging_mixin.py:190} INFO - [2026-04-27T07:18:45.106+0000] {dagbag.py:587} INFO - Filling up the DagBag from /opt/airflow/dags/kis_current_price_to_postgres.py
[2026-04-27T07:18:45.109+0000] {logging_mixin.py:190} INFO - [2026-04-27T07:18:45.108+0000] {dagbag.py:386} ERROR - Failed to import: /opt/airflow/dags/kis_current_price_to_postgres.py
Traceback (most recent call last):
  File "/home/airflow/.local/lib/python3.11/site-packages/airflow/models/dagbag.py", line 382, in parse
    loader.exec_module(new_module)
  File "<frozen importlib._bootstrap_external>", line 940, in exec_module
  File "<frozen importlib._bootstrap>", line 241, in _call_with_frames_removed
  File "/opt/airflow/dags/kis_current_price_to_postgres.py", line 6, in <module>
    from estock.services.stock_price_service import collect_kis_current_price
ModuleNotFoundError: No module named 'estock'
[2026-04-27T07:18:45.110+0000] {processor.py:927} WARNING - No viable dags retrieved from /opt/airflow/dags/kis_current_price_to_postgres.py
[2026-04-27T07:18:45.138+0000] {processor.py:208} INFO - Processing /opt/airflow/dags/kis_current_price_to_postgres.py took 0.039 seconds
[2026-04-27T07:19:15.249+0000] {processor.py:186} INFO - Started process (PID=35) to work on /opt/airflow/dags/kis_current_price_to_postgres.py
[2026-04-27T07:19:15.249+0000] {processor.py:914} INFO - Processing file /opt/airflow/dags/kis_current_price_to_postgres.py for tasks to queue
[2026-04-27T07:19:15.251+0000] {logging_mixin.py:190} INFO - [2026-04-27T07:19:15.251+0000] {dagbag.py:587} INFO - Filling up the DagBag from /opt/airflow/dags/kis_current_price_to_postgres.py
[2026-04-27T07:19:15.254+0000] {logging_mixin.py:190} INFO - [2026-04-27T07:19:15.253+0000] {dagbag.py:386} ERROR - Failed to import: /opt/airflow/dags/kis_current_price_to_postgres.py
Traceback (most recent call last):
  File "/home/airflow/.local/lib/python3.11/site-packages/airflow/models/dagbag.py", line 382, in parse
    loader.exec_module(new_module)
  File "<frozen importlib._bootstrap_external>", line 940, in exec_module
  File "<frozen importlib._bootstrap>", line 241, in _call_with_frames_removed
  File "/opt/airflow/dags/kis_current_price_to_postgres.py", line 6, in <module>
    from estock.services.stock_price_service import collect_kis_current_price
ModuleNotFoundError: No module named 'estock'
[2026-04-27T07:19:15.255+0000] {processor.py:927} WARNING - No viable dags retrieved from /opt/airflow/dags/kis_current_price_to_postgres.py
[2026-04-27T07:19:15.289+0000] {processor.py:208} INFO - Processing /opt/airflow/dags/kis_current_price_to_postgres.py took 0.045 seconds
[2026-04-27T07:19:45.397+0000] {processor.py:186} INFO - Started process (PID=36) to work on /opt/airflow/dags/kis_current_price_to_postgres.py
[2026-04-27T07:19:45.397+0000] {processor.py:914} INFO - Processing file /opt/airflow/dags/kis_current_price_to_postgres.py for tasks to queue
[2026-04-27T07:19:45.399+0000] {logging_mixin.py:190} INFO - [2026-04-27T07:19:45.399+0000] {dagbag.py:587} INFO - Filling up the DagBag from /opt/airflow/dags/kis_current_price_to_postgres.py
[2026-04-27T07:19:45.402+0000] {logging_mixin.py:190} INFO - [2026-04-27T07:19:45.401+0000] {dagbag.py:386} ERROR - Failed to import: /opt/airflow/dags/kis_current_price_to_postgres.py
Traceback (most recent call last):
  File "/home/airflow/.local/lib/python3.11/site-packages/airflow/models/dagbag.py", line 382, in parse
    loader.exec_module(new_module)
  File "<frozen importlib._bootstrap_external>", line 940, in exec_module
  File "<frozen importlib._bootstrap>", line 241, in _call_with_frames_removed
  File "/opt/airflow/dags/kis_current_price_to_postgres.py", line 6, in <module>
    from estock.services.stock_price_service import collect_kis_current_price
ModuleNotFoundError: No module named 'estock'
[2026-04-27T07:19:45.402+0000] {processor.py:927} WARNING - No viable dags retrieved from /opt/airflow/dags/kis_current_price_to_postgres.py
[2026-04-27T07:19:45.429+0000] {processor.py:208} INFO - Processing /opt/airflow/dags/kis_current_price_to_postgres.py took 0.037 seconds
[2026-04-27T07:20:15.548+0000] {processor.py:186} INFO - Started process (PID=37) to work on /opt/airflow/dags/kis_current_price_to_postgres.py
[2026-04-27T07:20:15.549+0000] {processor.py:914} INFO - Processing file /opt/airflow/dags/kis_current_price_to_postgres.py for tasks to queue
[2026-04-27T07:20:15.550+0000] {logging_mixin.py:190} INFO - [2026-04-27T07:20:15.550+0000] {dagbag.py:587} INFO - Filling up the DagBag from /opt/airflow/dags/kis_current_price_to_postgres.py
[2026-04-27T07:20:15.552+0000] {logging_mixin.py:190} INFO - [2026-04-27T07:20:15.551+0000] {dagbag.py:386} ERROR - Failed to import: /opt/airflow/dags/kis_current_price_to_postgres.py
Traceback (most recent call last):
  File "/home/airflow/.local/lib/python3.11/site-packages/airflow/models/dagbag.py", line 382, in parse
    loader.exec_module(new_module)
  File "<frozen importlib._bootstrap_external>", line 940, in exec_module
  File "<frozen importlib._bootstrap>", line 241, in _call_with_frames_removed
  File "/opt/airflow/dags/kis_current_price_to_postgres.py", line 6, in <module>
    from estock.services.stock_price_service import collect_kis_current_price
ModuleNotFoundError: No module named 'estock'
[2026-04-27T07:20:15.552+0000] {processor.py:927} WARNING - No viable dags retrieved from /opt/airflow/dags/kis_current_price_to_postgres.py
[2026-04-27T07:20:15.569+0000] {processor.py:208} INFO - Processing /opt/airflow/dags/kis_current_price_to_postgres.py took 0.024 seconds
[2026-04-27T07:20:45.699+0000] {processor.py:186} INFO - Started process (PID=38) to work on /opt/airflow/dags/kis_current_price_to_postgres.py
[2026-04-27T07:20:45.699+0000] {processor.py:914} INFO - Processing file /opt/airflow/dags/kis_current_price_to_postgres.py for tasks to queue
[2026-04-27T07:20:45.701+0000] {logging_mixin.py:190} INFO - [2026-04-27T07:20:45.701+0000] {dagbag.py:587} INFO - Filling up the DagBag from /opt/airflow/dags/kis_current_price_to_postgres.py
[2026-04-27T07:20:45.704+0000] {logging_mixin.py:190} INFO - [2026-04-27T07:20:45.703+0000] {dagbag.py:386} ERROR - Failed to import: /opt/airflow/dags/kis_current_price_to_postgres.py
Traceback (most recent call last):
  File "/home/airflow/.local/lib/python3.11/site-packages/airflow/models/dagbag.py", line 382, in parse
    loader.exec_module(new_module)
  File "<frozen importlib._bootstrap_external>", line 940, in exec_module
  File "<frozen importlib._bootstrap>", line 241, in _call_with_frames_removed
  File "/opt/airflow/dags/kis_current_price_to_postgres.py", line 6, in <module>
    from estock.services.stock_price_service import collect_kis_current_price
ModuleNotFoundError: No module named 'estock'
[2026-04-27T07:20:45.704+0000] {processor.py:927} WARNING - No viable dags retrieved from /opt/airflow/dags/kis_current_price_to_postgres.py
[2026-04-27T07:20:45.731+0000] {processor.py:208} INFO - Processing /opt/airflow/dags/kis_current_price_to_postgres.py took 0.037 seconds
[2026-04-27T07:21:15.853+0000] {processor.py:186} INFO - Started process (PID=39) to work on /opt/airflow/dags/kis_current_price_to_postgres.py
[2026-04-27T07:21:15.854+0000] {processor.py:914} INFO - Processing file /opt/airflow/dags/kis_current_price_to_postgres.py for tasks to queue
[2026-04-27T07:21:15.856+0000] {logging_mixin.py:190} INFO - [2026-04-27T07:21:15.856+0000] {dagbag.py:587} INFO - Filling up the DagBag from /opt/airflow/dags/kis_current_price_to_postgres.py
[2026-04-27T07:21:15.859+0000] {logging_mixin.py:190} INFO - [2026-04-27T07:21:15.858+0000] {dagbag.py:386} ERROR - Failed to import: /opt/airflow/dags/kis_current_price_to_postgres.py
Traceback (most recent call last):
  File "/home/airflow/.local/lib/python3.11/site-packages/airflow/models/dagbag.py", line 382, in parse
    loader.exec_module(new_module)
  File "<frozen importlib._bootstrap_external>", line 940, in exec_module
  File "<frozen importlib._bootstrap>", line 241, in _call_with_frames_removed
  File "/opt/airflow/dags/kis_current_price_to_postgres.py", line 6, in <module>
    from estock.services.stock_price_service import collect_kis_current_price
ModuleNotFoundError: No module named 'estock'
[2026-04-27T07:21:15.859+0000] {processor.py:927} WARNING - No viable dags retrieved from /opt/airflow/dags/kis_current_price_to_postgres.py
[2026-04-27T07:21:15.886+0000] {processor.py:208} INFO - Processing /opt/airflow/dags/kis_current_price_to_postgres.py took 0.038 seconds
[2026-04-27T07:21:46.005+0000] {processor.py:186} INFO - Started process (PID=40) to work on /opt/airflow/dags/kis_current_price_to_postgres.py
[2026-04-27T07:21:46.006+0000] {processor.py:914} INFO - Processing file /opt/airflow/dags/kis_current_price_to_postgres.py for tasks to queue
[2026-04-27T07:21:46.008+0000] {logging_mixin.py:190} INFO - [2026-04-27T07:21:46.007+0000] {dagbag.py:587} INFO - Filling up the DagBag from /opt/airflow/dags/kis_current_price_to_postgres.py
[2026-04-27T07:21:46.010+0000] {logging_mixin.py:190} INFO - [2026-04-27T07:21:46.009+0000] {dagbag.py:386} ERROR - Failed to import: /opt/airflow/dags/kis_current_price_to_postgres.py
Traceback (most recent call last):
  File "/home/airflow/.local/lib/python3.11/site-packages/airflow/models/dagbag.py", line 382, in parse
    loader.exec_module(new_module)
  File "<frozen importlib._bootstrap_external>", line 940, in exec_module
  File "<frozen importlib._bootstrap>", line 241, in _call_with_frames_removed
  File "/opt/airflow/dags/kis_current_price_to_postgres.py", line 6, in <module>
    from estock.services.stock_price_service import collect_kis_current_price
ModuleNotFoundError: No module named 'estock'
[2026-04-27T07:21:46.011+0000] {processor.py:927} WARNING - No viable dags retrieved from /opt/airflow/dags/kis_current_price_to_postgres.py
[2026-04-27T07:21:46.032+0000] {processor.py:208} INFO - Processing /opt/airflow/dags/kis_current_price_to_postgres.py took 0.032 seconds
[2026-04-27T07:22:16.152+0000] {processor.py:186} INFO - Started process (PID=41) to work on /opt/airflow/dags/kis_current_price_to_postgres.py
[2026-04-27T07:22:16.153+0000] {processor.py:914} INFO - Processing file /opt/airflow/dags/kis_current_price_to_postgres.py for tasks to queue
[2026-04-27T07:22:16.155+0000] {logging_mixin.py:190} INFO - [2026-04-27T07:22:16.154+0000] {dagbag.py:587} INFO - Filling up the DagBag from /opt/airflow/dags/kis_current_price_to_postgres.py
[2026-04-27T07:22:16.157+0000] {logging_mixin.py:190} INFO - [2026-04-27T07:22:16.156+0000] {dagbag.py:386} ERROR - Failed to import: /opt/airflow/dags/kis_current_price_to_postgres.py
Traceback (most recent call last):
  File "/home/airflow/.local/lib/python3.11/site-packages/airflow/models/dagbag.py", line 382, in parse
    loader.exec_module(new_module)
  File "<frozen importlib._bootstrap_external>", line 940, in exec_module
  File "<frozen importlib._bootstrap>", line 241, in _call_with_frames_removed
  File "/opt/airflow/dags/kis_current_price_to_postgres.py", line 6, in <module>
    from estock.services.stock_price_service import collect_kis_current_price
ModuleNotFoundError: No module named 'estock'
[2026-04-27T07:22:16.158+0000] {processor.py:927} WARNING - No viable dags retrieved from /opt/airflow/dags/kis_current_price_to_postgres.py
[2026-04-27T07:22:16.183+0000] {processor.py:208} INFO - Processing /opt/airflow/dags/kis_current_price_to_postgres.py took 0.037 seconds
[2026-04-27T07:22:46.302+0000] {processor.py:186} INFO - Started process (PID=42) to work on /opt/airflow/dags/kis_current_price_to_postgres.py
[2026-04-27T07:22:46.303+0000] {processor.py:914} INFO - Processing file /opt/airflow/dags/kis_current_price_to_postgres.py for tasks to queue
[2026-04-27T07:22:46.304+0000] {logging_mixin.py:190} INFO - [2026-04-27T07:22:46.304+0000] {dagbag.py:587} INFO - Filling up the DagBag from /opt/airflow/dags/kis_current_price_to_postgres.py
[2026-04-27T07:22:46.308+0000] {logging_mixin.py:190} INFO - [2026-04-27T07:22:46.307+0000] {dagbag.py:386} ERROR - Failed to import: /opt/airflow/dags/kis_current_price_to_postgres.py
Traceback (most recent call last):
  File "/home/airflow/.local/lib/python3.11/site-packages/airflow/models/dagbag.py", line 382, in parse
    loader.exec_module(new_module)
  File "<frozen importlib._bootstrap_external>", line 940, in exec_module
  File "<frozen importlib._bootstrap>", line 241, in _call_with_frames_removed
  File "/opt/airflow/dags/kis_current_price_to_postgres.py", line 6, in <module>
    from estock.services.stock_price_service import collect_kis_current_price
ModuleNotFoundError: No module named 'estock'
[2026-04-27T07:22:46.308+0000] {processor.py:927} WARNING - No viable dags retrieved from /opt/airflow/dags/kis_current_price_to_postgres.py
[2026-04-27T07:22:46.335+0000] {processor.py:208} INFO - Processing /opt/airflow/dags/kis_current_price_to_postgres.py took 0.037 seconds
[2026-04-27T07:23:16.461+0000] {processor.py:186} INFO - Started process (PID=43) to work on /opt/airflow/dags/kis_current_price_to_postgres.py
[2026-04-27T07:23:16.461+0000] {processor.py:914} INFO - Processing file /opt/airflow/dags/kis_current_price_to_postgres.py for tasks to queue
[2026-04-27T07:23:16.463+0000] {logging_mixin.py:190} INFO - [2026-04-27T07:23:16.463+0000] {dagbag.py:587} INFO - Filling up the DagBag from /opt/airflow/dags/kis_current_price_to_postgres.py
[2026-04-27T07:23:16.466+0000] {logging_mixin.py:190} INFO - [2026-04-27T07:23:16.465+0000] {dagbag.py:386} ERROR - Failed to import: /opt/airflow/dags/kis_current_price_to_postgres.py
Traceback (most recent call last):
  File "/home/airflow/.local/lib/python3.11/site-packages/airflow/models/dagbag.py", line 382, in parse
    loader.exec_module(new_module)
  File "<frozen importlib._bootstrap_external>", line 940, in exec_module
  File "<frozen importlib._bootstrap>", line 241, in _call_with_frames_removed
  File "/opt/airflow/dags/kis_current_price_to_postgres.py", line 6, in <module>
    from estock.services.stock_price_service import collect_kis_current_price
ModuleNotFoundError: No module named 'estock.services'
[2026-04-27T07:23:16.466+0000] {processor.py:927} WARNING - No viable dags retrieved from /opt/airflow/dags/kis_current_price_to_postgres.py
[2026-04-27T07:23:16.491+0000] {processor.py:208} INFO - Processing /opt/airflow/dags/kis_current_price_to_postgres.py took 0.035 seconds
[2026-04-27T07:23:46.613+0000] {processor.py:186} INFO - Started process (PID=44) to work on /opt/airflow/dags/kis_current_price_to_postgres.py
[2026-04-27T07:23:46.614+0000] {processor.py:914} INFO - Processing file /opt/airflow/dags/kis_current_price_to_postgres.py for tasks to queue
[2026-04-27T07:23:46.615+0000] {logging_mixin.py:190} INFO - [2026-04-27T07:23:46.615+0000] {dagbag.py:587} INFO - Filling up the DagBag from /opt/airflow/dags/kis_current_price_to_postgres.py
[2026-04-27T07:23:46.619+0000] {logging_mixin.py:190} INFO - [2026-04-27T07:23:46.618+0000] {dagbag.py:386} ERROR - Failed to import: /opt/airflow/dags/kis_current_price_to_postgres.py
Traceback (most recent call last):
  File "/home/airflow/.local/lib/python3.11/site-packages/airflow/models/dagbag.py", line 382, in parse
    loader.exec_module(new_module)
  File "<frozen importlib._bootstrap_external>", line 940, in exec_module
  File "<frozen importlib._bootstrap>", line 241, in _call_with_frames_removed
  File "/opt/airflow/dags/kis_current_price_to_postgres.py", line 6, in <module>
    from estock.services.stock_price_service import collect_kis_current_price
ModuleNotFoundError: No module named 'estock.services'
[2026-04-27T07:23:46.619+0000] {processor.py:927} WARNING - No viable dags retrieved from /opt/airflow/dags/kis_current_price_to_postgres.py
[2026-04-27T07:23:46.644+0000] {processor.py:208} INFO - Processing /opt/airflow/dags/kis_current_price_to_postgres.py took 0.036 seconds
[2026-04-27T07:24:16.765+0000] {processor.py:186} INFO - Started process (PID=45) to work on /opt/airflow/dags/kis_current_price_to_postgres.py
[2026-04-27T07:24:16.766+0000] {processor.py:914} INFO - Processing file /opt/airflow/dags/kis_current_price_to_postgres.py for tasks to queue
[2026-04-27T07:24:16.768+0000] {logging_mixin.py:190} INFO - [2026-04-27T07:24:16.768+0000] {dagbag.py:587} INFO - Filling up the DagBag from /opt/airflow/dags/kis_current_price_to_postgres.py
[2026-04-27T07:24:16.771+0000] {logging_mixin.py:190} INFO - [2026-04-27T07:24:16.770+0000] {dagbag.py:386} ERROR - Failed to import: /opt/airflow/dags/kis_current_price_to_postgres.py
Traceback (most recent call last):
  File "/home/airflow/.local/lib/python3.11/site-packages/airflow/models/dagbag.py", line 382, in parse
    loader.exec_module(new_module)
  File "<frozen importlib._bootstrap_external>", line 940, in exec_module
  File "<frozen importlib._bootstrap>", line 241, in _call_with_frames_removed
  File "/opt/airflow/dags/kis_current_price_to_postgres.py", line 6, in <module>
    from estock.services.stock_price_service import collect_kis_current_price
ModuleNotFoundError: No module named 'estock.services'
[2026-04-27T07:24:16.771+0000] {processor.py:927} WARNING - No viable dags retrieved from /opt/airflow/dags/kis_current_price_to_postgres.py
[2026-04-27T07:24:16.796+0000] {processor.py:208} INFO - Processing /opt/airflow/dags/kis_current_price_to_postgres.py took 0.035 seconds
[2026-04-27T07:24:46.912+0000] {processor.py:186} INFO - Started process (PID=46) to work on /opt/airflow/dags/kis_current_price_to_postgres.py
[2026-04-27T07:24:46.913+0000] {processor.py:914} INFO - Processing file /opt/airflow/dags/kis_current_price_to_postgres.py for tasks to queue
[2026-04-27T07:24:46.915+0000] {logging_mixin.py:190} INFO - [2026-04-27T07:24:46.915+0000] {dagbag.py:587} INFO - Filling up the DagBag from /opt/airflow/dags/kis_current_price_to_postgres.py
[2026-04-27T07:24:46.937+0000] {processor.py:925} INFO - DAG(s) 'kis_current_price_to_postgres' retrieved from /opt/airflow/dags/kis_current_price_to_postgres.py
[2026-04-27T07:24:47.146+0000] {logging_mixin.py:190} INFO - [2026-04-27T07:24:47.146+0000] {override.py:1858} INFO - Created Permission View: can read on DAG:kis_current_price_to_postgres
[2026-04-27T07:24:47.154+0000] {logging_mixin.py:190} INFO - [2026-04-27T07:24:47.154+0000] {override.py:1858} INFO - Created Permission View: can edit on DAG:kis_current_price_to_postgres
[2026-04-27T07:24:47.159+0000] {logging_mixin.py:190} INFO - [2026-04-27T07:24:47.159+0000] {override.py:1858} INFO - Created Permission View: can delete on DAG:kis_current_price_to_postgres
[2026-04-27T07:24:47.159+0000] {logging_mixin.py:190} INFO - [2026-04-27T07:24:47.159+0000] {dag.py:3211} INFO - Sync 1 DAGs
[2026-04-27T07:24:47.173+0000] {logging_mixin.py:190} INFO - [2026-04-27T07:24:47.173+0000] {dag.py:3234} INFO - Creating ORM DAG for kis_current_price_to_postgres
[2026-04-27T07:24:47.184+0000] {logging_mixin.py:190} INFO - [2026-04-27T07:24:47.184+0000] {dag.py:4138} INFO - Setting next_dagrun for kis_current_price_to_postgres to 2026-04-27 07:15:00+00:00, run_after=2026-04-27 07:20:00+00:00
[2026-04-27T07:24:47.200+0000] {processor.py:208} INFO - Processing /opt/airflow/dags/kis_current_price_to_postgres.py took 0.294 seconds
[2026-04-27T07:25:17.345+0000] {processor.py:186} INFO - Started process (PID=101) to work on /opt/airflow/dags/kis_current_price_to_postgres.py
[2026-04-27T07:25:17.346+0000] {processor.py:914} INFO - Processing file /opt/airflow/dags/kis_current_price_to_postgres.py for tasks to queue
[2026-04-27T07:25:17.348+0000] {logging_mixin.py:190} INFO - [2026-04-27T07:25:17.348+0000] {dagbag.py:587} INFO - Filling up the DagBag from /opt/airflow/dags/kis_current_price_to_postgres.py
[2026-04-27T07:25:17.361+0000] {processor.py:925} INFO - DAG(s) 'kis_current_price_to_postgres' retrieved from /opt/airflow/dags/kis_current_price_to_postgres.py
[2026-04-27T07:25:17.388+0000] {logging_mixin.py:190} INFO - [2026-04-27T07:25:17.388+0000] {dag.py:3211} INFO - Sync 1 DAGs
[2026-04-27T07:25:17.416+0000] {logging_mixin.py:190} INFO - [2026-04-27T07:25:17.416+0000] {dag.py:4138} INFO - Setting next_dagrun for kis_current_price_to_postgres to 2026-04-27 07:25:00+00:00, run_after=2026-04-27 07:30:00+00:00
[2026-04-27T07:25:17.432+0000] {processor.py:208} INFO - Processing /opt/airflow/dags/kis_current_price_to_postgres.py took 0.092 seconds
[2026-04-27T07:25:47.482+0000] {processor.py:186} INFO - Started process (PID=102) to work on /opt/airflow/dags/kis_current_price_to_postgres.py
[2026-04-27T07:25:47.483+0000] {processor.py:914} INFO - Processing file /opt/airflow/dags/kis_current_price_to_postgres.py for tasks to queue
[2026-04-27T07:25:47.485+0000] {logging_mixin.py:190} INFO - [2026-04-27T07:25:47.485+0000] {dagbag.py:587} INFO - Filling up the DagBag from /opt/airflow/dags/kis_current_price_to_postgres.py
[2026-04-27T07:25:47.499+0000] {processor.py:925} INFO - DAG(s) 'kis_current_price_to_postgres' retrieved from /opt/airflow/dags/kis_current_price_to_postgres.py
[2026-04-27T07:25:47.527+0000] {logging_mixin.py:190} INFO - [2026-04-27T07:25:47.527+0000] {dag.py:3211} INFO - Sync 1 DAGs
[2026-04-27T07:25:47.557+0000] {logging_mixin.py:190} INFO - [2026-04-27T07:25:47.557+0000] {dag.py:4138} INFO - Setting next_dagrun for kis_current_price_to_postgres to 2026-04-27 07:25:00+00:00, run_after=2026-04-27 07:30:00+00:00
[2026-04-27T07:25:47.572+0000] {processor.py:208} INFO - Processing /opt/airflow/dags/kis_current_price_to_postgres.py took 0.096 seconds
[2026-04-27T07:26:17.695+0000] {processor.py:186} INFO - Started process (PID=157) to work on /opt/airflow/dags/kis_current_price_to_postgres.py
[2026-04-27T07:26:17.695+0000] {processor.py:914} INFO - Processing file /opt/airflow/dags/kis_current_price_to_postgres.py for tasks to queue
[2026-04-27T07:26:17.697+0000] {logging_mixin.py:190} INFO - [2026-04-27T07:26:17.696+0000] {dagbag.py:587} INFO - Filling up the DagBag from /opt/airflow/dags/kis_current_price_to_postgres.py
[2026-04-27T07:26:17.709+0000] {processor.py:925} INFO - DAG(s) 'kis_current_price_to_postgres' retrieved from /opt/airflow/dags/kis_current_price_to_postgres.py
[2026-04-27T07:26:17.739+0000] {logging_mixin.py:190} INFO - [2026-04-27T07:26:17.739+0000] {dag.py:3211} INFO - Sync 1 DAGs
[2026-04-27T07:26:17.767+0000] {logging_mixin.py:190} INFO - [2026-04-27T07:26:17.767+0000] {dag.py:4138} INFO - Setting next_dagrun for kis_current_price_to_postgres to 2026-04-27 07:25:00+00:00, run_after=2026-04-27 07:30:00+00:00
[2026-04-27T07:26:17.785+0000] {processor.py:208} INFO - Processing /opt/airflow/dags/kis_current_price_to_postgres.py took 0.095 seconds
[2026-04-27T07:26:47.834+0000] {processor.py:186} INFO - Started process (PID=158) to work on /opt/airflow/dags/kis_current_price_to_postgres.py
[2026-04-27T07:26:47.835+0000] {processor.py:914} INFO - Processing file /opt/airflow/dags/kis_current_price_to_postgres.py for tasks to queue
[2026-04-27T07:26:47.837+0000] {logging_mixin.py:190} INFO - [2026-04-27T07:26:47.836+0000] {dagbag.py:587} INFO - Filling up the DagBag from /opt/airflow/dags/kis_current_price_to_postgres.py
[2026-04-27T07:26:47.850+0000] {processor.py:925} INFO - DAG(s) 'kis_current_price_to_postgres' retrieved from /opt/airflow/dags/kis_current_price_to_postgres.py
[2026-04-27T07:26:47.879+0000] {logging_mixin.py:190} INFO - [2026-04-27T07:26:47.879+0000] {dag.py:3211} INFO - Sync 1 DAGs
[2026-04-27T07:26:47.910+0000] {logging_mixin.py:190} INFO - [2026-04-27T07:26:47.910+0000] {dag.py:4138} INFO - Setting next_dagrun for kis_current_price_to_postgres to 2026-04-27 07:25:00+00:00, run_after=2026-04-27 07:30:00+00:00
[2026-04-27T07:26:47.926+0000] {processor.py:208} INFO - Processing /opt/airflow/dags/kis_current_price_to_postgres.py took 0.097 seconds
[2026-04-27T07:27:18.050+0000] {processor.py:186} INFO - Started process (PID=159) to work on /opt/airflow/dags/kis_current_price_to_postgres.py
[2026-04-27T07:27:18.050+0000] {processor.py:914} INFO - Processing file /opt/airflow/dags/kis_current_price_to_postgres.py for tasks to queue
[2026-04-27T07:27:18.052+0000] {logging_mixin.py:190} INFO - [2026-04-27T07:27:18.052+0000] {dagbag.py:587} INFO - Filling up the DagBag from /opt/airflow/dags/kis_current_price_to_postgres.py
[2026-04-27T07:27:18.065+0000] {processor.py:925} INFO - DAG(s) 'kis_current_price_to_postgres' retrieved from /opt/airflow/dags/kis_current_price_to_postgres.py
[2026-04-27T07:27:18.094+0000] {logging_mixin.py:190} INFO - [2026-04-27T07:27:18.094+0000] {dag.py:3211} INFO - Sync 1 DAGs
[2026-04-27T07:27:18.122+0000] {logging_mixin.py:190} INFO - [2026-04-27T07:27:18.122+0000] {dag.py:4138} INFO - Setting next_dagrun for kis_current_price_to_postgres to 2026-04-27 07:25:00+00:00, run_after=2026-04-27 07:30:00+00:00
[2026-04-27T07:27:18.138+0000] {processor.py:208} INFO - Processing /opt/airflow/dags/kis_current_price_to_postgres.py took 0.094 seconds
[2026-04-27T07:27:48.192+0000] {processor.py:186} INFO - Started process (PID=160) to work on /opt/airflow/dags/kis_current_price_to_postgres.py
[2026-04-27T07:27:48.193+0000] {processor.py:914} INFO - Processing file /opt/airflow/dags/kis_current_price_to_postgres.py for tasks to queue
[2026-04-27T07:27:48.195+0000] {logging_mixin.py:190} INFO - [2026-04-27T07:27:48.195+0000] {dagbag.py:587} INFO - Filling up the DagBag from /opt/airflow/dags/kis_current_price_to_postgres.py
[2026-04-27T07:27:48.208+0000] {processor.py:925} INFO - DAG(s) 'kis_current_price_to_postgres' retrieved from /opt/airflow/dags/kis_current_price_to_postgres.py
[2026-04-27T07:27:48.237+0000] {logging_mixin.py:190} INFO - [2026-04-27T07:27:48.237+0000] {dag.py:3211} INFO - Sync 1 DAGs
[2026-04-27T07:27:48.267+0000] {logging_mixin.py:190} INFO - [2026-04-27T07:27:48.266+0000] {dag.py:4138} INFO - Setting next_dagrun for kis_current_price_to_postgres to 2026-04-27 07:25:00+00:00, run_after=2026-04-27 07:30:00+00:00
[2026-04-27T07:27:48.282+0000] {processor.py:208} INFO - Processing /opt/airflow/dags/kis_current_price_to_postgres.py took 0.095 seconds
[2026-04-27T07:28:18.409+0000] {processor.py:186} INFO - Started process (PID=161) to work on /opt/airflow/dags/kis_current_price_to_postgres.py
[2026-04-27T07:28:18.410+0000] {processor.py:914} INFO - Processing file /opt/airflow/dags/kis_current_price_to_postgres.py for tasks to queue
[2026-04-27T07:28:18.412+0000] {logging_mixin.py:190} INFO - [2026-04-27T07:28:18.412+0000] {dagbag.py:587} INFO - Filling up the DagBag from /opt/airflow/dags/kis_current_price_to_postgres.py
[2026-04-27T07:28:18.423+0000] {processor.py:925} INFO - DAG(s) 'kis_current_price_to_postgres' retrieved from /opt/airflow/dags/kis_current_price_to_postgres.py
[2026-04-27T07:28:18.448+0000] {logging_mixin.py:190} INFO - [2026-04-27T07:28:18.448+0000] {dag.py:3211} INFO - Sync 1 DAGs
[2026-04-27T07:28:18.473+0000] {logging_mixin.py:190} INFO - [2026-04-27T07:28:18.473+0000] {dag.py:4138} INFO - Setting next_dagrun for kis_current_price_to_postgres to 2026-04-27 07:25:00+00:00, run_after=2026-04-27 07:30:00+00:00
[2026-04-27T07:28:18.491+0000] {processor.py:208} INFO - Processing /opt/airflow/dags/kis_current_price_to_postgres.py took 0.086 seconds
[2026-04-27T07:28:54.846+0000] {processor.py:186} INFO - Started process (PID=32) to work on /opt/airflow/dags/kis_current_price_to_postgres.py
[2026-04-27T07:28:54.846+0000] {processor.py:914} INFO - Processing file /opt/airflow/dags/kis_current_price_to_postgres.py for tasks to queue
[2026-04-27T07:28:54.848+0000] {logging_mixin.py:190} INFO - [2026-04-27T07:28:54.848+0000] {dagbag.py:587} INFO - Filling up the DagBag from /opt/airflow/dags/kis_current_price_to_postgres.py
[2026-04-27T07:28:54.864+0000] {processor.py:925} INFO - DAG(s) 'kis_current_price_to_postgres' retrieved from /opt/airflow/dags/kis_current_price_to_postgres.py
[2026-04-27T07:28:55.041+0000] {logging_mixin.py:190} INFO - [2026-04-27T07:28:55.040+0000] {override.py:1858} INFO - Created Permission View: can read on DAG:kis_current_price_to_postgres
[2026-04-27T07:28:55.047+0000] {logging_mixin.py:190} INFO - [2026-04-27T07:28:55.046+0000] {override.py:1858} INFO - Created Permission View: can edit on DAG:kis_current_price_to_postgres
[2026-04-27T07:28:55.050+0000] {logging_mixin.py:190} INFO - [2026-04-27T07:28:55.050+0000] {override.py:1858} INFO - Created Permission View: can delete on DAG:kis_current_price_to_postgres
[2026-04-27T07:28:55.050+0000] {logging_mixin.py:190} INFO - [2026-04-27T07:28:55.050+0000] {dag.py:3211} INFO - Sync 1 DAGs
[2026-04-27T07:28:55.059+0000] {logging_mixin.py:190} INFO - [2026-04-27T07:28:55.059+0000] {dag.py:3234} INFO - Creating ORM DAG for kis_current_price_to_postgres
[2026-04-27T07:28:55.067+0000] {logging_mixin.py:190} INFO - [2026-04-27T07:28:55.067+0000] {dag.py:4138} INFO - Setting next_dagrun for kis_current_price_to_postgres to 2026-04-27 07:20:00+00:00, run_after=2026-04-27 07:25:00+00:00
[2026-04-27T07:28:55.080+0000] {processor.py:208} INFO - Processing /opt/airflow/dags/kis_current_price_to_postgres.py took 0.238 seconds
[2026-04-27T07:29:25.216+0000] {processor.py:186} INFO - Started process (PID=70) to work on /opt/airflow/dags/kis_current_price_to_postgres.py
[2026-04-27T07:29:25.216+0000] {processor.py:914} INFO - Processing file /opt/airflow/dags/kis_current_price_to_postgres.py for tasks to queue
[2026-04-27T07:29:25.218+0000] {logging_mixin.py:190} INFO - [2026-04-27T07:29:25.218+0000] {dagbag.py:587} INFO - Filling up the DagBag from /opt/airflow/dags/kis_current_price_to_postgres.py
[2026-04-27T07:29:25.232+0000] {processor.py:925} INFO - DAG(s) 'kis_current_price_to_postgres' retrieved from /opt/airflow/dags/kis_current_price_to_postgres.py
[2026-04-27T07:29:25.264+0000] {logging_mixin.py:190} INFO - [2026-04-27T07:29:25.264+0000] {dag.py:3211} INFO - Sync 1 DAGs
[2026-04-27T07:29:25.291+0000] {logging_mixin.py:190} INFO - [2026-04-27T07:29:25.291+0000] {dag.py:4138} INFO - Setting next_dagrun for kis_current_price_to_postgres to 2026-04-27 07:25:00+00:00, run_after=2026-04-27 07:30:00+00:00
[2026-04-27T07:29:25.312+0000] {processor.py:208} INFO - Processing /opt/airflow/dags/kis_current_price_to_postgres.py took 0.102 seconds
[2026-04-27T07:29:55.346+0000] {processor.py:186} INFO - Started process (PID=71) to work on /opt/airflow/dags/kis_current_price_to_postgres.py
[2026-04-27T07:29:55.348+0000] {processor.py:914} INFO - Processing file /opt/airflow/dags/kis_current_price_to_postgres.py for tasks to queue
[2026-04-27T07:29:55.350+0000] {logging_mixin.py:190} INFO - [2026-04-27T07:29:55.350+0000] {dagbag.py:587} INFO - Filling up the DagBag from /opt/airflow/dags/kis_current_price_to_postgres.py
[2026-04-27T07:29:55.365+0000] {processor.py:925} INFO - DAG(s) 'kis_current_price_to_postgres' retrieved from /opt/airflow/dags/kis_current_price_to_postgres.py
[2026-04-27T07:29:55.403+0000] {logging_mixin.py:190} INFO - [2026-04-27T07:29:55.403+0000] {dag.py:3211} INFO - Sync 1 DAGs
[2026-04-27T07:29:55.432+0000] {logging_mixin.py:190} INFO - [2026-04-27T07:29:55.431+0000] {dag.py:4138} INFO - Setting next_dagrun for kis_current_price_to_postgres to 2026-04-27 07:25:00+00:00, run_after=2026-04-27 07:30:00+00:00
[2026-04-27T07:29:55.448+0000] {processor.py:208} INFO - Processing /opt/airflow/dags/kis_current_price_to_postgres.py took 0.108 seconds
[2026-04-27T07:30:25.556+0000] {processor.py:186} INFO - Started process (PID=90) to work on /opt/airflow/dags/kis_current_price_to_postgres.py
[2026-04-27T07:30:25.556+0000] {processor.py:914} INFO - Processing file /opt/airflow/dags/kis_current_price_to_postgres.py for tasks to queue
[2026-04-27T07:30:25.558+0000] {logging_mixin.py:190} INFO - [2026-04-27T07:30:25.558+0000] {dagbag.py:587} INFO - Filling up the DagBag from /opt/airflow/dags/kis_current_price_to_postgres.py
[2026-04-27T07:30:25.567+0000] {processor.py:925} INFO - DAG(s) 'kis_current_price_to_postgres' retrieved from /opt/airflow/dags/kis_current_price_to_postgres.py
[2026-04-27T07:30:25.590+0000] {logging_mixin.py:190} INFO - [2026-04-27T07:30:25.590+0000] {dag.py:3211} INFO - Sync 1 DAGs
[2026-04-27T07:30:25.610+0000] {logging_mixin.py:190} INFO - [2026-04-27T07:30:25.610+0000] {dag.py:4138} INFO - Setting next_dagrun for kis_current_price_to_postgres to 2026-04-27 07:30:00+00:00, run_after=2026-04-27 07:35:00+00:00
[2026-04-27T07:30:25.621+0000] {processor.py:208} INFO - Processing /opt/airflow/dags/kis_current_price_to_postgres.py took 0.068 seconds
[2026-04-27T07:30:55.699+0000] {processor.py:186} INFO - Started process (PID=91) to work on /opt/airflow/dags/kis_current_price_to_postgres.py
[2026-04-27T07:30:55.700+0000] {processor.py:914} INFO - Processing file /opt/airflow/dags/kis_current_price_to_postgres.py for tasks to queue
[2026-04-27T07:30:55.702+0000] {logging_mixin.py:190} INFO - [2026-04-27T07:30:55.702+0000] {dagbag.py:587} INFO - Filling up the DagBag from /opt/airflow/dags/kis_current_price_to_postgres.py
[2026-04-27T07:30:55.715+0000] {processor.py:925} INFO - DAG(s) 'kis_current_price_to_postgres' retrieved from /opt/airflow/dags/kis_current_price_to_postgres.py
[2026-04-27T07:30:55.745+0000] {logging_mixin.py:190} INFO - [2026-04-27T07:30:55.745+0000] {dag.py:3211} INFO - Sync 1 DAGs
[2026-04-27T07:30:55.775+0000] {logging_mixin.py:190} INFO - [2026-04-27T07:30:55.774+0000] {dag.py:4138} INFO - Setting next_dagrun for kis_current_price_to_postgres to 2026-04-27 07:30:00+00:00, run_after=2026-04-27 07:35:00+00:00
[2026-04-27T07:30:55.791+0000] {processor.py:208} INFO - Processing /opt/airflow/dags/kis_current_price_to_postgres.py took 0.096 seconds
[2026-04-27T07:31:25.880+0000] {processor.py:186} INFO - Started process (PID=92) to work on /opt/airflow/dags/kis_current_price_to_postgres.py
[2026-04-27T07:31:25.881+0000] {processor.py:914} INFO - Processing file /opt/airflow/dags/kis_current_price_to_postgres.py for tasks to queue
[2026-04-27T07:31:25.883+0000] {logging_mixin.py:190} INFO - [2026-04-27T07:31:25.883+0000] {dagbag.py:587} INFO - Filling up the DagBag from /opt/airflow/dags/kis_current_price_to_postgres.py
[2026-04-27T07:31:25.895+0000] {processor.py:925} INFO - DAG(s) 'kis_current_price_to_postgres' retrieved from /opt/airflow/dags/kis_current_price_to_postgres.py
[2026-04-27T07:31:25.925+0000] {logging_mixin.py:190} INFO - [2026-04-27T07:31:25.925+0000] {dag.py:3211} INFO - Sync 1 DAGs
[2026-04-27T07:31:25.950+0000] {logging_mixin.py:190} INFO - [2026-04-27T07:31:25.950+0000] {dag.py:4138} INFO - Setting next_dagrun for kis_current_price_to_postgres to 2026-04-27 07:30:00+00:00, run_after=2026-04-27 07:35:00+00:00
[2026-04-27T07:31:25.964+0000] {processor.py:208} INFO - Processing /opt/airflow/dags/kis_current_price_to_postgres.py took 0.090 seconds
[2026-04-27T07:31:56.049+0000] {processor.py:186} INFO - Started process (PID=93) to work on /opt/airflow/dags/kis_current_price_to_postgres.py
[2026-04-27T07:31:56.050+0000] {processor.py:914} INFO - Processing file /opt/airflow/dags/kis_current_price_to_postgres.py for tasks to queue
[2026-04-27T07:31:56.052+0000] {logging_mixin.py:190} INFO - [2026-04-27T07:31:56.052+0000] {dagbag.py:587} INFO - Filling up the DagBag from /opt/airflow/dags/kis_current_price_to_postgres.py
[2026-04-27T07:31:56.064+0000] {processor.py:925} INFO - DAG(s) 'kis_current_price_to_postgres' retrieved from /opt/airflow/dags/kis_current_price_to_postgres.py
[2026-04-27T07:31:56.093+0000] {logging_mixin.py:190} INFO - [2026-04-27T07:31:56.092+0000] {dag.py:3211} INFO - Sync 1 DAGs
[2026-04-27T07:31:56.119+0000] {logging_mixin.py:190} INFO - [2026-04-27T07:31:56.119+0000] {dag.py:4138} INFO - Setting next_dagrun for kis_current_price_to_postgres to 2026-04-27 07:30:00+00:00, run_after=2026-04-27 07:35:00+00:00
[2026-04-27T07:31:56.135+0000] {processor.py:208} INFO - Processing /opt/airflow/dags/kis_current_price_to_postgres.py took 0.092 seconds
[2026-04-27T07:32:26.234+0000] {processor.py:186} INFO - Started process (PID=94) to work on /opt/airflow/dags/kis_current_price_to_postgres.py
[2026-04-27T07:32:26.234+0000] {processor.py:914} INFO - Processing file /opt/airflow/dags/kis_current_price_to_postgres.py for tasks to queue
[2026-04-27T07:32:26.237+0000] {logging_mixin.py:190} INFO - [2026-04-27T07:32:26.236+0000] {dagbag.py:587} INFO - Filling up the DagBag from /opt/airflow/dags/kis_current_price_to_postgres.py
[2026-04-27T07:32:26.250+0000] {processor.py:925} INFO - DAG(s) 'kis_current_price_to_postgres' retrieved from /opt/airflow/dags/kis_current_price_to_postgres.py
[2026-04-27T07:32:26.277+0000] {logging_mixin.py:190} INFO - [2026-04-27T07:32:26.277+0000] {dag.py:3211} INFO - Sync 1 DAGs
[2026-04-27T07:32:26.304+0000] {logging_mixin.py:190} INFO - [2026-04-27T07:32:26.303+0000] {dag.py:4138} INFO - Setting next_dagrun for kis_current_price_to_postgres to 2026-04-27 07:30:00+00:00, run_after=2026-04-27 07:35:00+00:00
[2026-04-27T07:32:26.316+0000] {processor.py:208} INFO - Processing /opt/airflow/dags/kis_current_price_to_postgres.py took 0.088 seconds
[2026-04-27T07:32:56.397+0000] {processor.py:186} INFO - Started process (PID=95) to work on /opt/airflow/dags/kis_current_price_to_postgres.py
[2026-04-27T07:32:56.398+0000] {processor.py:914} INFO - Processing file /opt/airflow/dags/kis_current_price_to_postgres.py for tasks to queue
[2026-04-27T07:32:56.400+0000] {logging_mixin.py:190} INFO - [2026-04-27T07:32:56.400+0000] {dagbag.py:587} INFO - Filling up the DagBag from /opt/airflow/dags/kis_current_price_to_postgres.py
[2026-04-27T07:32:56.412+0000] {processor.py:925} INFO - DAG(s) 'kis_current_price_to_postgres' retrieved from /opt/airflow/dags/kis_current_price_to_postgres.py
[2026-04-27T07:32:56.442+0000] {logging_mixin.py:190} INFO - [2026-04-27T07:32:56.442+0000] {dag.py:3211} INFO - Sync 1 DAGs
[2026-04-27T07:32:56.471+0000] {logging_mixin.py:190} INFO - [2026-04-27T07:32:56.470+0000] {dag.py:4138} INFO - Setting next_dagrun for kis_current_price_to_postgres to 2026-04-27 07:30:00+00:00, run_after=2026-04-27 07:35:00+00:00
[2026-04-27T07:32:56.487+0000] {processor.py:208} INFO - Processing /opt/airflow/dags/kis_current_price_to_postgres.py took 0.095 seconds
[2026-04-27T07:33:26.572+0000] {processor.py:186} INFO - Started process (PID=96) to work on /opt/airflow/dags/kis_current_price_to_postgres.py
[2026-04-27T07:33:26.573+0000] {processor.py:914} INFO - Processing file /opt/airflow/dags/kis_current_price_to_postgres.py for tasks to queue
[2026-04-27T07:33:26.575+0000] {logging_mixin.py:190} INFO - [2026-04-27T07:33:26.574+0000] {dagbag.py:587} INFO - Filling up the DagBag from /opt/airflow/dags/kis_current_price_to_postgres.py
[2026-04-27T07:33:26.587+0000] {processor.py:925} INFO - DAG(s) 'kis_current_price_to_postgres' retrieved from /opt/airflow/dags/kis_current_price_to_postgres.py
[2026-04-27T07:33:26.615+0000] {logging_mixin.py:190} INFO - [2026-04-27T07:33:26.615+0000] {dag.py:3211} INFO - Sync 1 DAGs
[2026-04-27T07:33:26.643+0000] {logging_mixin.py:190} INFO - [2026-04-27T07:33:26.643+0000] {dag.py:4138} INFO - Setting next_dagrun for kis_current_price_to_postgres to 2026-04-27 07:30:00+00:00, run_after=2026-04-27 07:35:00+00:00
[2026-04-27T07:33:26.658+0000] {processor.py:208} INFO - Processing /opt/airflow/dags/kis_current_price_to_postgres.py took 0.092 seconds
[2026-04-27T07:33:56.751+0000] {processor.py:186} INFO - Started process (PID=97) to work on /opt/airflow/dags/kis_current_price_to_postgres.py
[2026-04-27T07:33:56.751+0000] {processor.py:914} INFO - Processing file /opt/airflow/dags/kis_current_price_to_postgres.py for tasks to queue
[2026-04-27T07:33:56.753+0000] {logging_mixin.py:190} INFO - [2026-04-27T07:33:56.753+0000] {dagbag.py:587} INFO - Filling up the DagBag from /opt/airflow/dags/kis_current_price_to_postgres.py
[2026-04-27T07:33:56.766+0000] {processor.py:925} INFO - DAG(s) 'kis_current_price_to_postgres' retrieved from /opt/airflow/dags/kis_current_price_to_postgres.py
[2026-04-27T07:33:56.796+0000] {logging_mixin.py:190} INFO - [2026-04-27T07:33:56.796+0000] {dag.py:3211} INFO - Sync 1 DAGs
[2026-04-27T07:33:56.824+0000] {logging_mixin.py:190} INFO - [2026-04-27T07:33:56.824+0000] {dag.py:4138} INFO - Setting next_dagrun for kis_current_price_to_postgres to 2026-04-27 07:30:00+00:00, run_after=2026-04-27 07:35:00+00:00
[2026-04-27T07:33:56.841+0000] {processor.py:208} INFO - Processing /opt/airflow/dags/kis_current_price_to_postgres.py took 0.096 seconds
[2026-04-27T07:34:26.924+0000] {processor.py:186} INFO - Started process (PID=98) to work on /opt/airflow/dags/kis_current_price_to_postgres.py
[2026-04-27T07:34:26.925+0000] {processor.py:914} INFO - Processing file /opt/airflow/dags/kis_current_price_to_postgres.py for tasks to queue
[2026-04-27T07:34:26.927+0000] {logging_mixin.py:190} INFO - [2026-04-27T07:34:26.927+0000] {dagbag.py:587} INFO - Filling up the DagBag from /opt/airflow/dags/kis_current_price_to_postgres.py
[2026-04-27T07:34:26.940+0000] {processor.py:925} INFO - DAG(s) 'kis_current_price_to_postgres' retrieved from /opt/airflow/dags/kis_current_price_to_postgres.py
[2026-04-27T07:34:26.971+0000] {logging_mixin.py:190} INFO - [2026-04-27T07:34:26.971+0000] {dag.py:3211} INFO - Sync 1 DAGs
[2026-04-27T07:34:26.998+0000] {logging_mixin.py:190} INFO - [2026-04-27T07:34:26.998+0000] {dag.py:4138} INFO - Setting next_dagrun for kis_current_price_to_postgres to 2026-04-27 07:30:00+00:00, run_after=2026-04-27 07:35:00+00:00
[2026-04-27T07:34:27.017+0000] {processor.py:208} INFO - Processing /opt/airflow/dags/kis_current_price_to_postgres.py took 0.098 seconds
[2026-04-27T07:34:57.111+0000] {processor.py:186} INFO - Started process (PID=99) to work on /opt/airflow/dags/kis_current_price_to_postgres.py
[2026-04-27T07:34:57.112+0000] {processor.py:914} INFO - Processing file /opt/airflow/dags/kis_current_price_to_postgres.py for tasks to queue
[2026-04-27T07:34:57.114+0000] {logging_mixin.py:190} INFO - [2026-04-27T07:34:57.114+0000] {dagbag.py:587} INFO - Filling up the DagBag from /opt/airflow/dags/kis_current_price_to_postgres.py
[2026-04-27T07:34:57.127+0000] {processor.py:925} INFO - DAG(s) 'kis_current_price_to_postgres' retrieved from /opt/airflow/dags/kis_current_price_to_postgres.py
[2026-04-27T07:34:57.157+0000] {logging_mixin.py:190} INFO - [2026-04-27T07:34:57.157+0000] {dag.py:3211} INFO - Sync 1 DAGs
[2026-04-27T07:34:57.187+0000] {logging_mixin.py:190} INFO - [2026-04-27T07:34:57.186+0000] {dag.py:4138} INFO - Setting next_dagrun for kis_current_price_to_postgres to 2026-04-27 07:30:00+00:00, run_after=2026-04-27 07:35:00+00:00
[2026-04-27T07:34:57.204+0000] {processor.py:208} INFO - Processing /opt/airflow/dags/kis_current_price_to_postgres.py took 0.099 seconds
[2026-04-27T07:35:27.276+0000] {processor.py:186} INFO - Started process (PID=118) to work on /opt/airflow/dags/kis_current_price_to_postgres.py
[2026-04-27T07:35:27.277+0000] {processor.py:914} INFO - Processing file /opt/airflow/dags/kis_current_price_to_postgres.py for tasks to queue
[2026-04-27T07:35:27.279+0000] {logging_mixin.py:190} INFO - [2026-04-27T07:35:27.279+0000] {dagbag.py:587} INFO - Filling up the DagBag from /opt/airflow/dags/kis_current_price_to_postgres.py
[2026-04-27T07:35:27.294+0000] {processor.py:925} INFO - DAG(s) 'kis_current_price_to_postgres' retrieved from /opt/airflow/dags/kis_current_price_to_postgres.py
[2026-04-27T07:35:27.326+0000] {logging_mixin.py:190} INFO - [2026-04-27T07:35:27.326+0000] {dag.py:3211} INFO - Sync 1 DAGs
[2026-04-27T07:35:27.358+0000] {logging_mixin.py:190} INFO - [2026-04-27T07:35:27.357+0000] {dag.py:4138} INFO - Setting next_dagrun for kis_current_price_to_postgres to 2026-04-27 07:35:00+00:00, run_after=2026-04-27 07:40:00+00:00
[2026-04-27T07:35:27.375+0000] {processor.py:208} INFO - Processing /opt/airflow/dags/kis_current_price_to_postgres.py took 0.104 seconds
[2026-04-27T07:35:57.473+0000] {processor.py:186} INFO - Started process (PID=119) to work on /opt/airflow/dags/kis_current_price_to_postgres.py
[2026-04-27T07:35:57.474+0000] {processor.py:914} INFO - Processing file /opt/airflow/dags/kis_current_price_to_postgres.py for tasks to queue
[2026-04-27T07:35:57.477+0000] {logging_mixin.py:190} INFO - [2026-04-27T07:35:57.476+0000] {dagbag.py:587} INFO - Filling up the DagBag from /opt/airflow/dags/kis_current_price_to_postgres.py
[2026-04-27T07:35:57.490+0000] {processor.py:925} INFO - DAG(s) 'kis_current_price_to_postgres' retrieved from /opt/airflow/dags/kis_current_price_to_postgres.py
[2026-04-27T07:35:57.518+0000] {logging_mixin.py:190} INFO - [2026-04-27T07:35:57.518+0000] {dag.py:3211} INFO - Sync 1 DAGs
[2026-04-27T07:35:57.546+0000] {logging_mixin.py:190} INFO - [2026-04-27T07:35:57.546+0000] {dag.py:4138} INFO - Setting next_dagrun for kis_current_price_to_postgres to 2026-04-27 07:35:00+00:00, run_after=2026-04-27 07:40:00+00:00
[2026-04-27T07:35:57.562+0000] {processor.py:208} INFO - Processing /opt/airflow/dags/kis_current_price_to_postgres.py took 0.093 seconds
