[2026-04-26T09:36:51.180+0000] {processor.py:186} INFO - Started process (PID=71) to work on /opt/airflow/dags/kis_current_price_to_postgres.py
[2026-04-26T09:36:51.181+0000] {processor.py:914} INFO - Processing file /opt/airflow/dags/kis_current_price_to_postgres.py for tasks to queue
[2026-04-26T09:36:51.182+0000] {logging_mixin.py:190} INFO - [2026-04-26T09:36:51.181+0000] {dagbag.py:587} INFO - Filling up the DagBag from /opt/airflow/dags/kis_current_price_to_postgres.py
[2026-04-26T09:36:51.192+0000] {processor.py:925} INFO - DAG(s) 'kis_current_price_to_postgres' retrieved from /opt/airflow/dags/kis_current_price_to_postgres.py
[2026-04-26T09:36:51.293+0000] {logging_mixin.py:190} INFO - [2026-04-26T09:36:51.293+0000] {dag.py:3211} INFO - Sync 1 DAGs
[2026-04-26T09:36:51.317+0000] {logging_mixin.py:190} INFO - [2026-04-26T09:36:51.317+0000] {dag.py:4138} INFO - Setting next_dagrun for kis_current_price_to_postgres to 2026-04-26 09:30:00+00:00, run_after=2026-04-26 09:35:00+00:00
[2026-04-26T09:36:51.333+0000] {processor.py:208} INFO - Processing /opt/airflow/dags/kis_current_price_to_postgres.py took 0.157 seconds
[2026-04-26T09:37:21.466+0000] {processor.py:186} INFO - Started process (PID=72) to work on /opt/airflow/dags/kis_current_price_to_postgres.py
[2026-04-26T09:37:21.467+0000] {processor.py:914} INFO - Processing file /opt/airflow/dags/kis_current_price_to_postgres.py for tasks to queue
[2026-04-26T09:37:21.467+0000] {logging_mixin.py:190} INFO - [2026-04-26T09:37:21.467+0000] {dagbag.py:587} INFO - Filling up the DagBag from /opt/airflow/dags/kis_current_price_to_postgres.py
[2026-04-26T09:37:21.478+0000] {processor.py:925} INFO - DAG(s) 'kis_current_price_to_postgres' retrieved from /opt/airflow/dags/kis_current_price_to_postgres.py
[2026-04-26T09:37:21.508+0000] {logging_mixin.py:190} INFO - [2026-04-26T09:37:21.507+0000] {dag.py:3211} INFO - Sync 1 DAGs
[2026-04-26T09:37:21.535+0000] {logging_mixin.py:190} INFO - [2026-04-26T09:37:21.535+0000] {dag.py:4138} INFO - Setting next_dagrun for kis_current_price_to_postgres to 2026-04-26 09:30:00+00:00, run_after=2026-04-26 09:35:00+00:00
[2026-04-26T09:37:21.548+0000] {processor.py:208} INFO - Processing /opt/airflow/dags/kis_current_price_to_postgres.py took 0.087 seconds
[2026-04-26T09:37:51.606+0000] {processor.py:186} INFO - Started process (PID=73) to work on /opt/airflow/dags/kis_current_price_to_postgres.py
[2026-04-26T09:37:51.607+0000] {processor.py:914} INFO - Processing file /opt/airflow/dags/kis_current_price_to_postgres.py for tasks to queue
[2026-04-26T09:37:51.608+0000] {logging_mixin.py:190} INFO - [2026-04-26T09:37:51.608+0000] {dagbag.py:587} INFO - Filling up the DagBag from /opt/airflow/dags/kis_current_price_to_postgres.py
[2026-04-26T09:37:51.619+0000] {processor.py:925} INFO - DAG(s) 'kis_current_price_to_postgres' retrieved from /opt/airflow/dags/kis_current_price_to_postgres.py
[2026-04-26T09:37:51.649+0000] {logging_mixin.py:190} INFO - [2026-04-26T09:37:51.648+0000] {dag.py:3211} INFO - Sync 1 DAGs
[2026-04-26T09:37:51.676+0000] {logging_mixin.py:190} INFO - [2026-04-26T09:37:51.676+0000] {dag.py:4138} INFO - Setting next_dagrun for kis_current_price_to_postgres to 2026-04-26 09:30:00+00:00, run_after=2026-04-26 09:35:00+00:00
[2026-04-26T09:37:51.690+0000] {processor.py:208} INFO - Processing /opt/airflow/dags/kis_current_price_to_postgres.py took 0.089 seconds
[2026-04-26T09:38:21.812+0000] {processor.py:186} INFO - Started process (PID=74) to work on /opt/airflow/dags/kis_current_price_to_postgres.py
[2026-04-26T09:38:21.813+0000] {processor.py:914} INFO - Processing file /opt/airflow/dags/kis_current_price_to_postgres.py for tasks to queue
[2026-04-26T09:38:21.814+0000] {logging_mixin.py:190} INFO - [2026-04-26T09:38:21.813+0000] {dagbag.py:587} INFO - Filling up the DagBag from /opt/airflow/dags/kis_current_price_to_postgres.py
[2026-04-26T09:38:21.824+0000] {processor.py:925} INFO - DAG(s) 'kis_current_price_to_postgres' retrieved from /opt/airflow/dags/kis_current_price_to_postgres.py
[2026-04-26T09:38:21.854+0000] {logging_mixin.py:190} INFO - [2026-04-26T09:38:21.854+0000] {dag.py:3211} INFO - Sync 1 DAGs
[2026-04-26T09:38:21.883+0000] {logging_mixin.py:190} INFO - [2026-04-26T09:38:21.883+0000] {dag.py:4138} INFO - Setting next_dagrun for kis_current_price_to_postgres to 2026-04-26 09:30:00+00:00, run_after=2026-04-26 09:35:00+00:00
[2026-04-26T09:38:21.897+0000] {processor.py:208} INFO - Processing /opt/airflow/dags/kis_current_price_to_postgres.py took 0.090 seconds
[2026-04-26T09:38:51.963+0000] {processor.py:186} INFO - Started process (PID=75) to work on /opt/airflow/dags/kis_current_price_to_postgres.py
[2026-04-26T09:38:51.964+0000] {processor.py:914} INFO - Processing file /opt/airflow/dags/kis_current_price_to_postgres.py for tasks to queue
[2026-04-26T09:38:51.965+0000] {logging_mixin.py:190} INFO - [2026-04-26T09:38:51.965+0000] {dagbag.py:587} INFO - Filling up the DagBag from /opt/airflow/dags/kis_current_price_to_postgres.py
[2026-04-26T09:38:51.977+0000] {processor.py:925} INFO - DAG(s) 'kis_current_price_to_postgres' retrieved from /opt/airflow/dags/kis_current_price_to_postgres.py
[2026-04-26T09:38:52.008+0000] {logging_mixin.py:190} INFO - [2026-04-26T09:38:52.008+0000] {dag.py:3211} INFO - Sync 1 DAGs
[2026-04-26T09:38:52.036+0000] {logging_mixin.py:190} INFO - [2026-04-26T09:38:52.036+0000] {dag.py:4138} INFO - Setting next_dagrun for kis_current_price_to_postgres to 2026-04-26 09:30:00+00:00, run_after=2026-04-26 09:35:00+00:00
[2026-04-26T09:38:52.050+0000] {processor.py:208} INFO - Processing /opt/airflow/dags/kis_current_price_to_postgres.py took 0.092 seconds
[2026-04-26T09:39:22.151+0000] {processor.py:186} INFO - Started process (PID=76) to work on /opt/airflow/dags/kis_current_price_to_postgres.py
[2026-04-26T09:39:22.152+0000] {processor.py:914} INFO - Processing file /opt/airflow/dags/kis_current_price_to_postgres.py for tasks to queue
[2026-04-26T09:39:22.153+0000] {logging_mixin.py:190} INFO - [2026-04-26T09:39:22.153+0000] {dagbag.py:587} INFO - Filling up the DagBag from /opt/airflow/dags/kis_current_price_to_postgres.py
[2026-04-26T09:39:22.163+0000] {processor.py:925} INFO - DAG(s) 'kis_current_price_to_postgres' retrieved from /opt/airflow/dags/kis_current_price_to_postgres.py
[2026-04-26T09:39:22.194+0000] {logging_mixin.py:190} INFO - [2026-04-26T09:39:22.194+0000] {dag.py:3211} INFO - Sync 1 DAGs
[2026-04-26T09:39:22.221+0000] {logging_mixin.py:190} INFO - [2026-04-26T09:39:22.221+0000] {dag.py:4138} INFO - Setting next_dagrun for kis_current_price_to_postgres to 2026-04-26 09:30:00+00:00, run_after=2026-04-26 09:35:00+00:00
[2026-04-26T09:39:22.235+0000] {processor.py:208} INFO - Processing /opt/airflow/dags/kis_current_price_to_postgres.py took 0.089 seconds
[2026-04-26T09:39:52.312+0000] {processor.py:186} INFO - Started process (PID=77) to work on /opt/airflow/dags/kis_current_price_to_postgres.py
[2026-04-26T09:39:52.313+0000] {processor.py:914} INFO - Processing file /opt/airflow/dags/kis_current_price_to_postgres.py for tasks to queue
[2026-04-26T09:39:52.314+0000] {logging_mixin.py:190} INFO - [2026-04-26T09:39:52.314+0000] {dagbag.py:587} INFO - Filling up the DagBag from /opt/airflow/dags/kis_current_price_to_postgres.py
[2026-04-26T09:39:52.325+0000] {processor.py:925} INFO - DAG(s) 'kis_current_price_to_postgres' retrieved from /opt/airflow/dags/kis_current_price_to_postgres.py
[2026-04-26T09:39:52.356+0000] {logging_mixin.py:190} INFO - [2026-04-26T09:39:52.355+0000] {dag.py:3211} INFO - Sync 1 DAGs
[2026-04-26T09:39:52.383+0000] {logging_mixin.py:190} INFO - [2026-04-26T09:39:52.383+0000] {dag.py:4138} INFO - Setting next_dagrun for kis_current_price_to_postgres to 2026-04-26 09:30:00+00:00, run_after=2026-04-26 09:35:00+00:00
[2026-04-26T09:39:52.397+0000] {processor.py:208} INFO - Processing /opt/airflow/dags/kis_current_price_to_postgres.py took 0.090 seconds
[2026-04-26T09:40:22.492+0000] {processor.py:186} INFO - Started process (PID=78) to work on /opt/airflow/dags/kis_current_price_to_postgres.py
[2026-04-26T09:40:22.493+0000] {processor.py:914} INFO - Processing file /opt/airflow/dags/kis_current_price_to_postgres.py for tasks to queue
[2026-04-26T09:40:22.494+0000] {logging_mixin.py:190} INFO - [2026-04-26T09:40:22.494+0000] {dagbag.py:587} INFO - Filling up the DagBag from /opt/airflow/dags/kis_current_price_to_postgres.py
[2026-04-26T09:40:22.505+0000] {processor.py:925} INFO - DAG(s) 'kis_current_price_to_postgres' retrieved from /opt/airflow/dags/kis_current_price_to_postgres.py
[2026-04-26T09:40:22.535+0000] {logging_mixin.py:190} INFO - [2026-04-26T09:40:22.535+0000] {dag.py:3211} INFO - Sync 1 DAGs
[2026-04-26T09:40:22.563+0000] {logging_mixin.py:190} INFO - [2026-04-26T09:40:22.563+0000] {dag.py:4138} INFO - Setting next_dagrun for kis_current_price_to_postgres to 2026-04-26 09:35:00+00:00, run_after=2026-04-26 09:40:00+00:00
[2026-04-26T09:40:22.578+0000] {processor.py:208} INFO - Processing /opt/airflow/dags/kis_current_price_to_postgres.py took 0.091 seconds
[2026-04-26T09:40:52.660+0000] {processor.py:186} INFO - Started process (PID=79) to work on /opt/airflow/dags/kis_current_price_to_postgres.py
[2026-04-26T09:40:52.660+0000] {processor.py:914} INFO - Processing file /opt/airflow/dags/kis_current_price_to_postgres.py for tasks to queue
[2026-04-26T09:40:52.661+0000] {logging_mixin.py:190} INFO - [2026-04-26T09:40:52.661+0000] {dagbag.py:587} INFO - Filling up the DagBag from /opt/airflow/dags/kis_current_price_to_postgres.py
[2026-04-26T09:40:52.672+0000] {processor.py:925} INFO - DAG(s) 'kis_current_price_to_postgres' retrieved from /opt/airflow/dags/kis_current_price_to_postgres.py
[2026-04-26T09:40:52.702+0000] {logging_mixin.py:190} INFO - [2026-04-26T09:40:52.702+0000] {dag.py:3211} INFO - Sync 1 DAGs
[2026-04-26T09:40:52.730+0000] {logging_mixin.py:190} INFO - [2026-04-26T09:40:52.729+0000] {dag.py:4138} INFO - Setting next_dagrun for kis_current_price_to_postgres to 2026-04-26 09:35:00+00:00, run_after=2026-04-26 09:40:00+00:00
[2026-04-26T09:40:52.744+0000] {processor.py:208} INFO - Processing /opt/airflow/dags/kis_current_price_to_postgres.py took 0.090 seconds
[2026-04-26T09:41:22.839+0000] {processor.py:186} INFO - Started process (PID=80) to work on /opt/airflow/dags/kis_current_price_to_postgres.py
[2026-04-26T09:41:22.840+0000] {processor.py:914} INFO - Processing file /opt/airflow/dags/kis_current_price_to_postgres.py for tasks to queue
[2026-04-26T09:41:22.841+0000] {logging_mixin.py:190} INFO - [2026-04-26T09:41:22.840+0000] {dagbag.py:587} INFO - Filling up the DagBag from /opt/airflow/dags/kis_current_price_to_postgres.py
[2026-04-26T09:41:22.851+0000] {processor.py:925} INFO - DAG(s) 'kis_current_price_to_postgres' retrieved from /opt/airflow/dags/kis_current_price_to_postgres.py
[2026-04-26T09:41:22.881+0000] {logging_mixin.py:190} INFO - [2026-04-26T09:41:22.880+0000] {dag.py:3211} INFO - Sync 1 DAGs
[2026-04-26T09:41:22.908+0000] {logging_mixin.py:190} INFO - [2026-04-26T09:41:22.908+0000] {dag.py:4138} INFO - Setting next_dagrun for kis_current_price_to_postgres to 2026-04-26 09:35:00+00:00, run_after=2026-04-26 09:40:00+00:00
[2026-04-26T09:41:22.924+0000] {processor.py:208} INFO - Processing /opt/airflow/dags/kis_current_price_to_postgres.py took 0.091 seconds
[2026-04-26T09:41:53.008+0000] {processor.py:186} INFO - Started process (PID=81) to work on /opt/airflow/dags/kis_current_price_to_postgres.py
[2026-04-26T09:41:53.009+0000] {processor.py:914} INFO - Processing file /opt/airflow/dags/kis_current_price_to_postgres.py for tasks to queue
[2026-04-26T09:41:53.010+0000] {logging_mixin.py:190} INFO - [2026-04-26T09:41:53.010+0000] {dagbag.py:587} INFO - Filling up the DagBag from /opt/airflow/dags/kis_current_price_to_postgres.py
[2026-04-26T09:41:53.021+0000] {processor.py:925} INFO - DAG(s) 'kis_current_price_to_postgres' retrieved from /opt/airflow/dags/kis_current_price_to_postgres.py
[2026-04-26T09:41:53.054+0000] {logging_mixin.py:190} INFO - [2026-04-26T09:41:53.054+0000] {dag.py:3211} INFO - Sync 1 DAGs
[2026-04-26T09:41:53.085+0000] {logging_mixin.py:190} INFO - [2026-04-26T09:41:53.084+0000] {dag.py:4138} INFO - Setting next_dagrun for kis_current_price_to_postgres to 2026-04-26 09:35:00+00:00, run_after=2026-04-26 09:40:00+00:00
[2026-04-26T09:41:53.101+0000] {processor.py:208} INFO - Processing /opt/airflow/dags/kis_current_price_to_postgres.py took 0.099 seconds
[2026-04-26T09:42:23.190+0000] {processor.py:186} INFO - Started process (PID=82) to work on /opt/airflow/dags/kis_current_price_to_postgres.py
[2026-04-26T09:42:23.191+0000] {processor.py:914} INFO - Processing file /opt/airflow/dags/kis_current_price_to_postgres.py for tasks to queue
[2026-04-26T09:42:23.192+0000] {logging_mixin.py:190} INFO - [2026-04-26T09:42:23.191+0000] {dagbag.py:587} INFO - Filling up the DagBag from /opt/airflow/dags/kis_current_price_to_postgres.py
[2026-04-26T09:42:23.202+0000] {processor.py:925} INFO - DAG(s) 'kis_current_price_to_postgres' retrieved from /opt/airflow/dags/kis_current_price_to_postgres.py
[2026-04-26T09:42:23.235+0000] {logging_mixin.py:190} INFO - [2026-04-26T09:42:23.235+0000] {dag.py:3211} INFO - Sync 1 DAGs
[2026-04-26T09:42:23.262+0000] {logging_mixin.py:190} INFO - [2026-04-26T09:42:23.262+0000] {dag.py:4138} INFO - Setting next_dagrun for kis_current_price_to_postgres to 2026-04-26 09:35:00+00:00, run_after=2026-04-26 09:40:00+00:00
[2026-04-26T09:42:23.276+0000] {processor.py:208} INFO - Processing /opt/airflow/dags/kis_current_price_to_postgres.py took 0.092 seconds
[2026-04-26T09:42:53.356+0000] {processor.py:186} INFO - Started process (PID=83) to work on /opt/airflow/dags/kis_current_price_to_postgres.py
[2026-04-26T09:42:53.357+0000] {processor.py:914} INFO - Processing file /opt/airflow/dags/kis_current_price_to_postgres.py for tasks to queue
[2026-04-26T09:42:53.358+0000] {logging_mixin.py:190} INFO - [2026-04-26T09:42:53.358+0000] {dagbag.py:587} INFO - Filling up the DagBag from /opt/airflow/dags/kis_current_price_to_postgres.py
[2026-04-26T09:42:53.368+0000] {processor.py:925} INFO - DAG(s) 'kis_current_price_to_postgres' retrieved from /opt/airflow/dags/kis_current_price_to_postgres.py
[2026-04-26T09:42:53.398+0000] {logging_mixin.py:190} INFO - [2026-04-26T09:42:53.398+0000] {dag.py:3211} INFO - Sync 1 DAGs
[2026-04-26T09:42:53.427+0000] {logging_mixin.py:190} INFO - [2026-04-26T09:42:53.427+0000] {dag.py:4138} INFO - Setting next_dagrun for kis_current_price_to_postgres to 2026-04-26 09:35:00+00:00, run_after=2026-04-26 09:40:00+00:00
[2026-04-26T09:42:53.441+0000] {processor.py:208} INFO - Processing /opt/airflow/dags/kis_current_price_to_postgres.py took 0.090 seconds
[2026-04-26T09:43:23.534+0000] {processor.py:186} INFO - Started process (PID=84) to work on /opt/airflow/dags/kis_current_price_to_postgres.py
[2026-04-26T09:43:23.535+0000] {processor.py:914} INFO - Processing file /opt/airflow/dags/kis_current_price_to_postgres.py for tasks to queue
[2026-04-26T09:43:23.536+0000] {logging_mixin.py:190} INFO - [2026-04-26T09:43:23.536+0000] {dagbag.py:587} INFO - Filling up the DagBag from /opt/airflow/dags/kis_current_price_to_postgres.py
[2026-04-26T09:43:23.547+0000] {processor.py:925} INFO - DAG(s) 'kis_current_price_to_postgres' retrieved from /opt/airflow/dags/kis_current_price_to_postgres.py
[2026-04-26T09:43:23.578+0000] {logging_mixin.py:190} INFO - [2026-04-26T09:43:23.578+0000] {dag.py:3211} INFO - Sync 1 DAGs
[2026-04-26T09:43:23.606+0000] {logging_mixin.py:190} INFO - [2026-04-26T09:43:23.606+0000] {dag.py:4138} INFO - Setting next_dagrun for kis_current_price_to_postgres to 2026-04-26 09:35:00+00:00, run_after=2026-04-26 09:40:00+00:00
[2026-04-26T09:43:23.622+0000] {processor.py:208} INFO - Processing /opt/airflow/dags/kis_current_price_to_postgres.py took 0.093 seconds
[2026-04-26T09:43:53.703+0000] {processor.py:186} INFO - Started process (PID=85) to work on /opt/airflow/dags/kis_current_price_to_postgres.py
[2026-04-26T09:43:53.704+0000] {processor.py:914} INFO - Processing file /opt/airflow/dags/kis_current_price_to_postgres.py for tasks to queue
[2026-04-26T09:43:53.705+0000] {logging_mixin.py:190} INFO - [2026-04-26T09:43:53.704+0000] {dagbag.py:587} INFO - Filling up the DagBag from /opt/airflow/dags/kis_current_price_to_postgres.py
[2026-04-26T09:43:53.715+0000] {processor.py:925} INFO - DAG(s) 'kis_current_price_to_postgres' retrieved from /opt/airflow/dags/kis_current_price_to_postgres.py
[2026-04-26T09:43:53.746+0000] {logging_mixin.py:190} INFO - [2026-04-26T09:43:53.746+0000] {dag.py:3211} INFO - Sync 1 DAGs
[2026-04-26T09:43:53.776+0000] {logging_mixin.py:190} INFO - [2026-04-26T09:43:53.775+0000] {dag.py:4138} INFO - Setting next_dagrun for kis_current_price_to_postgres to 2026-04-26 09:35:00+00:00, run_after=2026-04-26 09:40:00+00:00
[2026-04-26T09:43:53.791+0000] {processor.py:208} INFO - Processing /opt/airflow/dags/kis_current_price_to_postgres.py took 0.093 seconds
[2026-04-26T09:44:23.885+0000] {processor.py:186} INFO - Started process (PID=86) to work on /opt/airflow/dags/kis_current_price_to_postgres.py
[2026-04-26T09:44:23.886+0000] {processor.py:914} INFO - Processing file /opt/airflow/dags/kis_current_price_to_postgres.py for tasks to queue
[2026-04-26T09:44:23.887+0000] {logging_mixin.py:190} INFO - [2026-04-26T09:44:23.887+0000] {dagbag.py:587} INFO - Filling up the DagBag from /opt/airflow/dags/kis_current_price_to_postgres.py
[2026-04-26T09:44:23.897+0000] {processor.py:925} INFO - DAG(s) 'kis_current_price_to_postgres' retrieved from /opt/airflow/dags/kis_current_price_to_postgres.py
[2026-04-26T09:44:23.926+0000] {logging_mixin.py:190} INFO - [2026-04-26T09:44:23.926+0000] {dag.py:3211} INFO - Sync 1 DAGs
[2026-04-26T09:44:23.955+0000] {logging_mixin.py:190} INFO - [2026-04-26T09:44:23.955+0000] {dag.py:4138} INFO - Setting next_dagrun for kis_current_price_to_postgres to 2026-04-26 09:35:00+00:00, run_after=2026-04-26 09:40:00+00:00
[2026-04-26T09:44:23.970+0000] {processor.py:208} INFO - Processing /opt/airflow/dags/kis_current_price_to_postgres.py took 0.090 seconds
[2026-04-26T09:44:54.047+0000] {processor.py:186} INFO - Started process (PID=87) to work on /opt/airflow/dags/kis_current_price_to_postgres.py
[2026-04-26T09:44:54.047+0000] {processor.py:914} INFO - Processing file /opt/airflow/dags/kis_current_price_to_postgres.py for tasks to queue
[2026-04-26T09:44:54.048+0000] {logging_mixin.py:190} INFO - [2026-04-26T09:44:54.048+0000] {dagbag.py:587} INFO - Filling up the DagBag from /opt/airflow/dags/kis_current_price_to_postgres.py
[2026-04-26T09:44:54.059+0000] {processor.py:925} INFO - DAG(s) 'kis_current_price_to_postgres' retrieved from /opt/airflow/dags/kis_current_price_to_postgres.py
[2026-04-26T09:44:54.090+0000] {logging_mixin.py:190} INFO - [2026-04-26T09:44:54.090+0000] {dag.py:3211} INFO - Sync 1 DAGs
[2026-04-26T09:44:54.117+0000] {logging_mixin.py:190} INFO - [2026-04-26T09:44:54.117+0000] {dag.py:4138} INFO - Setting next_dagrun for kis_current_price_to_postgres to 2026-04-26 09:35:00+00:00, run_after=2026-04-26 09:40:00+00:00
[2026-04-26T09:44:54.132+0000] {processor.py:208} INFO - Processing /opt/airflow/dags/kis_current_price_to_postgres.py took 0.090 seconds
[2026-04-26T09:45:24.233+0000] {processor.py:186} INFO - Started process (PID=88) to work on /opt/airflow/dags/kis_current_price_to_postgres.py
[2026-04-26T09:45:24.233+0000] {processor.py:914} INFO - Processing file /opt/airflow/dags/kis_current_price_to_postgres.py for tasks to queue
[2026-04-26T09:45:24.234+0000] {logging_mixin.py:190} INFO - [2026-04-26T09:45:24.234+0000] {dagbag.py:587} INFO - Filling up the DagBag from /opt/airflow/dags/kis_current_price_to_postgres.py
[2026-04-26T09:45:24.245+0000] {processor.py:925} INFO - DAG(s) 'kis_current_price_to_postgres' retrieved from /opt/airflow/dags/kis_current_price_to_postgres.py
[2026-04-26T09:45:24.274+0000] {logging_mixin.py:190} INFO - [2026-04-26T09:45:24.274+0000] {dag.py:3211} INFO - Sync 1 DAGs
[2026-04-26T09:45:24.302+0000] {logging_mixin.py:190} INFO - [2026-04-26T09:45:24.302+0000] {dag.py:4138} INFO - Setting next_dagrun for kis_current_price_to_postgres to 2026-04-26 09:40:00+00:00, run_after=2026-04-26 09:45:00+00:00
[2026-04-26T09:45:24.319+0000] {processor.py:208} INFO - Processing /opt/airflow/dags/kis_current_price_to_postgres.py took 0.093 seconds
[2026-04-26T09:45:54.389+0000] {processor.py:186} INFO - Started process (PID=89) to work on /opt/airflow/dags/kis_current_price_to_postgres.py
[2026-04-26T09:45:54.390+0000] {processor.py:914} INFO - Processing file /opt/airflow/dags/kis_current_price_to_postgres.py for tasks to queue
[2026-04-26T09:45:54.391+0000] {logging_mixin.py:190} INFO - [2026-04-26T09:45:54.391+0000] {dagbag.py:587} INFO - Filling up the DagBag from /opt/airflow/dags/kis_current_price_to_postgres.py
[2026-04-26T09:45:54.402+0000] {processor.py:925} INFO - DAG(s) 'kis_current_price_to_postgres' retrieved from /opt/airflow/dags/kis_current_price_to_postgres.py
[2026-04-26T09:45:54.434+0000] {logging_mixin.py:190} INFO - [2026-04-26T09:45:54.434+0000] {dag.py:3211} INFO - Sync 1 DAGs
[2026-04-26T09:45:54.461+0000] {logging_mixin.py:190} INFO - [2026-04-26T09:45:54.461+0000] {dag.py:4138} INFO - Setting next_dagrun for kis_current_price_to_postgres to 2026-04-26 09:40:00+00:00, run_after=2026-04-26 09:45:00+00:00
[2026-04-26T09:45:54.476+0000] {processor.py:208} INFO - Processing /opt/airflow/dags/kis_current_price_to_postgres.py took 0.091 seconds
[2026-04-26T09:46:24.576+0000] {processor.py:186} INFO - Started process (PID=90) to work on /opt/airflow/dags/kis_current_price_to_postgres.py
[2026-04-26T09:46:24.577+0000] {processor.py:914} INFO - Processing file /opt/airflow/dags/kis_current_price_to_postgres.py for tasks to queue
[2026-04-26T09:46:24.578+0000] {logging_mixin.py:190} INFO - [2026-04-26T09:46:24.578+0000] {dagbag.py:587} INFO - Filling up the DagBag from /opt/airflow/dags/kis_current_price_to_postgres.py
[2026-04-26T09:46:24.588+0000] {processor.py:925} INFO - DAG(s) 'kis_current_price_to_postgres' retrieved from /opt/airflow/dags/kis_current_price_to_postgres.py
[2026-04-26T09:46:24.618+0000] {logging_mixin.py:190} INFO - [2026-04-26T09:46:24.618+0000] {dag.py:3211} INFO - Sync 1 DAGs
[2026-04-26T09:46:24.646+0000] {logging_mixin.py:190} INFO - [2026-04-26T09:46:24.646+0000] {dag.py:4138} INFO - Setting next_dagrun for kis_current_price_to_postgres to 2026-04-26 09:40:00+00:00, run_after=2026-04-26 09:45:00+00:00
[2026-04-26T09:46:24.660+0000] {processor.py:208} INFO - Processing /opt/airflow/dags/kis_current_price_to_postgres.py took 0.089 seconds
[2026-04-26T09:46:54.732+0000] {processor.py:186} INFO - Started process (PID=91) to work on /opt/airflow/dags/kis_current_price_to_postgres.py
[2026-04-26T09:46:54.733+0000] {processor.py:914} INFO - Processing file /opt/airflow/dags/kis_current_price_to_postgres.py for tasks to queue
[2026-04-26T09:46:54.734+0000] {logging_mixin.py:190} INFO - [2026-04-26T09:46:54.734+0000] {dagbag.py:587} INFO - Filling up the DagBag from /opt/airflow/dags/kis_current_price_to_postgres.py
[2026-04-26T09:46:54.745+0000] {processor.py:925} INFO - DAG(s) 'kis_current_price_to_postgres' retrieved from /opt/airflow/dags/kis_current_price_to_postgres.py
[2026-04-26T09:46:54.777+0000] {logging_mixin.py:190} INFO - [2026-04-26T09:46:54.777+0000] {dag.py:3211} INFO - Sync 1 DAGs
[2026-04-26T09:46:54.804+0000] {logging_mixin.py:190} INFO - [2026-04-26T09:46:54.804+0000] {dag.py:4138} INFO - Setting next_dagrun for kis_current_price_to_postgres to 2026-04-26 09:40:00+00:00, run_after=2026-04-26 09:45:00+00:00
[2026-04-26T09:46:54.818+0000] {processor.py:208} INFO - Processing /opt/airflow/dags/kis_current_price_to_postgres.py took 0.091 seconds
[2026-04-26T09:47:24.913+0000] {processor.py:186} INFO - Started process (PID=92) to work on /opt/airflow/dags/kis_current_price_to_postgres.py
[2026-04-26T09:47:24.913+0000] {processor.py:914} INFO - Processing file /opt/airflow/dags/kis_current_price_to_postgres.py for tasks to queue
[2026-04-26T09:47:24.914+0000] {logging_mixin.py:190} INFO - [2026-04-26T09:47:24.914+0000] {dagbag.py:587} INFO - Filling up the DagBag from /opt/airflow/dags/kis_current_price_to_postgres.py
[2026-04-26T09:47:24.925+0000] {processor.py:925} INFO - DAG(s) 'kis_current_price_to_postgres' retrieved from /opt/airflow/dags/kis_current_price_to_postgres.py
[2026-04-26T09:47:24.954+0000] {logging_mixin.py:190} INFO - [2026-04-26T09:47:24.954+0000] {dag.py:3211} INFO - Sync 1 DAGs
[2026-04-26T09:47:24.983+0000] {logging_mixin.py:190} INFO - [2026-04-26T09:47:24.983+0000] {dag.py:4138} INFO - Setting next_dagrun for kis_current_price_to_postgres to 2026-04-26 09:40:00+00:00, run_after=2026-04-26 09:45:00+00:00
[2026-04-26T09:47:24.998+0000] {processor.py:208} INFO - Processing /opt/airflow/dags/kis_current_price_to_postgres.py took 0.091 seconds
[2026-04-26T09:47:55.083+0000] {processor.py:186} INFO - Started process (PID=93) to work on /opt/airflow/dags/kis_current_price_to_postgres.py
[2026-04-26T09:47:55.084+0000] {processor.py:914} INFO - Processing file /opt/airflow/dags/kis_current_price_to_postgres.py for tasks to queue
[2026-04-26T09:47:55.085+0000] {logging_mixin.py:190} INFO - [2026-04-26T09:47:55.085+0000] {dagbag.py:587} INFO - Filling up the DagBag from /opt/airflow/dags/kis_current_price_to_postgres.py
[2026-04-26T09:47:55.096+0000] {processor.py:925} INFO - DAG(s) 'kis_current_price_to_postgres' retrieved from /opt/airflow/dags/kis_current_price_to_postgres.py
[2026-04-26T09:47:55.126+0000] {logging_mixin.py:190} INFO - [2026-04-26T09:47:55.125+0000] {dag.py:3211} INFO - Sync 1 DAGs
[2026-04-26T09:47:55.152+0000] {logging_mixin.py:190} INFO - [2026-04-26T09:47:55.152+0000] {dag.py:4138} INFO - Setting next_dagrun for kis_current_price_to_postgres to 2026-04-26 09:40:00+00:00, run_after=2026-04-26 09:45:00+00:00
[2026-04-26T09:47:55.167+0000] {processor.py:208} INFO - Processing /opt/airflow/dags/kis_current_price_to_postgres.py took 0.089 seconds
[2026-04-26T09:48:25.261+0000] {processor.py:186} INFO - Started process (PID=94) to work on /opt/airflow/dags/kis_current_price_to_postgres.py
[2026-04-26T09:48:25.262+0000] {processor.py:914} INFO - Processing file /opt/airflow/dags/kis_current_price_to_postgres.py for tasks to queue
[2026-04-26T09:48:25.263+0000] {logging_mixin.py:190} INFO - [2026-04-26T09:48:25.262+0000] {dagbag.py:587} INFO - Filling up the DagBag from /opt/airflow/dags/kis_current_price_to_postgres.py
[2026-04-26T09:48:25.273+0000] {processor.py:925} INFO - DAG(s) 'kis_current_price_to_postgres' retrieved from /opt/airflow/dags/kis_current_price_to_postgres.py
[2026-04-26T09:48:25.301+0000] {logging_mixin.py:190} INFO - [2026-04-26T09:48:25.301+0000] {dag.py:3211} INFO - Sync 1 DAGs
[2026-04-26T09:48:25.327+0000] {logging_mixin.py:190} INFO - [2026-04-26T09:48:25.327+0000] {dag.py:4138} INFO - Setting next_dagrun for kis_current_price_to_postgres to 2026-04-26 09:40:00+00:00, run_after=2026-04-26 09:45:00+00:00
[2026-04-26T09:48:25.343+0000] {processor.py:208} INFO - Processing /opt/airflow/dags/kis_current_price_to_postgres.py took 0.087 seconds
[2026-04-26T09:48:55.429+0000] {processor.py:186} INFO - Started process (PID=95) to work on /opt/airflow/dags/kis_current_price_to_postgres.py
[2026-04-26T09:48:55.430+0000] {processor.py:914} INFO - Processing file /opt/airflow/dags/kis_current_price_to_postgres.py for tasks to queue
[2026-04-26T09:48:55.431+0000] {logging_mixin.py:190} INFO - [2026-04-26T09:48:55.431+0000] {dagbag.py:587} INFO - Filling up the DagBag from /opt/airflow/dags/kis_current_price_to_postgres.py
[2026-04-26T09:48:55.442+0000] {processor.py:925} INFO - DAG(s) 'kis_current_price_to_postgres' retrieved from /opt/airflow/dags/kis_current_price_to_postgres.py
[2026-04-26T09:48:55.470+0000] {logging_mixin.py:190} INFO - [2026-04-26T09:48:55.470+0000] {dag.py:3211} INFO - Sync 1 DAGs
[2026-04-26T09:48:55.498+0000] {logging_mixin.py:190} INFO - [2026-04-26T09:48:55.498+0000] {dag.py:4138} INFO - Setting next_dagrun for kis_current_price_to_postgres to 2026-04-26 09:40:00+00:00, run_after=2026-04-26 09:45:00+00:00
[2026-04-26T09:48:55.514+0000] {processor.py:208} INFO - Processing /opt/airflow/dags/kis_current_price_to_postgres.py took 0.090 seconds
[2026-04-26T09:49:25.598+0000] {processor.py:186} INFO - Started process (PID=96) to work on /opt/airflow/dags/kis_current_price_to_postgres.py
[2026-04-26T09:49:25.599+0000] {processor.py:914} INFO - Processing file /opt/airflow/dags/kis_current_price_to_postgres.py for tasks to queue
[2026-04-26T09:49:25.600+0000] {logging_mixin.py:190} INFO - [2026-04-26T09:49:25.599+0000] {dagbag.py:587} INFO - Filling up the DagBag from /opt/airflow/dags/kis_current_price_to_postgres.py
[2026-04-26T09:49:25.610+0000] {processor.py:925} INFO - DAG(s) 'kis_current_price_to_postgres' retrieved from /opt/airflow/dags/kis_current_price_to_postgres.py
[2026-04-26T09:49:25.640+0000] {logging_mixin.py:190} INFO - [2026-04-26T09:49:25.640+0000] {dag.py:3211} INFO - Sync 1 DAGs
[2026-04-26T09:49:25.668+0000] {logging_mixin.py:190} INFO - [2026-04-26T09:49:25.668+0000] {dag.py:4138} INFO - Setting next_dagrun for kis_current_price_to_postgres to 2026-04-26 09:40:00+00:00, run_after=2026-04-26 09:45:00+00:00
[2026-04-26T09:49:25.687+0000] {processor.py:208} INFO - Processing /opt/airflow/dags/kis_current_price_to_postgres.py took 0.095 seconds
[2026-04-26T09:49:55.766+0000] {processor.py:186} INFO - Started process (PID=97) to work on /opt/airflow/dags/kis_current_price_to_postgres.py
[2026-04-26T09:49:55.766+0000] {processor.py:914} INFO - Processing file /opt/airflow/dags/kis_current_price_to_postgres.py for tasks to queue
[2026-04-26T09:49:55.767+0000] {logging_mixin.py:190} INFO - [2026-04-26T09:49:55.767+0000] {dagbag.py:587} INFO - Filling up the DagBag from /opt/airflow/dags/kis_current_price_to_postgres.py
[2026-04-26T09:49:55.778+0000] {processor.py:925} INFO - DAG(s) 'kis_current_price_to_postgres' retrieved from /opt/airflow/dags/kis_current_price_to_postgres.py
[2026-04-26T09:49:55.808+0000] {logging_mixin.py:190} INFO - [2026-04-26T09:49:55.807+0000] {dag.py:3211} INFO - Sync 1 DAGs
[2026-04-26T09:49:55.837+0000] {logging_mixin.py:190} INFO - [2026-04-26T09:49:55.837+0000] {dag.py:4138} INFO - Setting next_dagrun for kis_current_price_to_postgres to 2026-04-26 09:40:00+00:00, run_after=2026-04-26 09:45:00+00:00
[2026-04-26T09:49:55.853+0000] {processor.py:208} INFO - Processing /opt/airflow/dags/kis_current_price_to_postgres.py took 0.093 seconds
[2026-04-26T09:50:25.952+0000] {processor.py:186} INFO - Started process (PID=98) to work on /opt/airflow/dags/kis_current_price_to_postgres.py
[2026-04-26T09:50:25.953+0000] {processor.py:914} INFO - Processing file /opt/airflow/dags/kis_current_price_to_postgres.py for tasks to queue
[2026-04-26T09:50:25.954+0000] {logging_mixin.py:190} INFO - [2026-04-26T09:50:25.954+0000] {dagbag.py:587} INFO - Filling up the DagBag from /opt/airflow/dags/kis_current_price_to_postgres.py
[2026-04-26T09:50:25.965+0000] {processor.py:925} INFO - DAG(s) 'kis_current_price_to_postgres' retrieved from /opt/airflow/dags/kis_current_price_to_postgres.py
[2026-04-26T09:50:25.994+0000] {logging_mixin.py:190} INFO - [2026-04-26T09:50:25.994+0000] {dag.py:3211} INFO - Sync 1 DAGs
[2026-04-26T09:50:26.022+0000] {logging_mixin.py:190} INFO - [2026-04-26T09:50:26.022+0000] {dag.py:4138} INFO - Setting next_dagrun for kis_current_price_to_postgres to 2026-04-26 09:45:00+00:00, run_after=2026-04-26 09:50:00+00:00
[2026-04-26T09:50:26.038+0000] {processor.py:208} INFO - Processing /opt/airflow/dags/kis_current_price_to_postgres.py took 0.091 seconds
[2026-04-26T09:50:56.116+0000] {processor.py:186} INFO - Started process (PID=99) to work on /opt/airflow/dags/kis_current_price_to_postgres.py
[2026-04-26T09:50:56.116+0000] {processor.py:914} INFO - Processing file /opt/airflow/dags/kis_current_price_to_postgres.py for tasks to queue
[2026-04-26T09:50:56.117+0000] {logging_mixin.py:190} INFO - [2026-04-26T09:50:56.117+0000] {dagbag.py:587} INFO - Filling up the DagBag from /opt/airflow/dags/kis_current_price_to_postgres.py
[2026-04-26T09:50:56.128+0000] {processor.py:925} INFO - DAG(s) 'kis_current_price_to_postgres' retrieved from /opt/airflow/dags/kis_current_price_to_postgres.py
[2026-04-26T09:50:56.159+0000] {logging_mixin.py:190} INFO - [2026-04-26T09:50:56.159+0000] {dag.py:3211} INFO - Sync 1 DAGs
[2026-04-26T09:50:56.186+0000] {logging_mixin.py:190} INFO - [2026-04-26T09:50:56.186+0000] {dag.py:4138} INFO - Setting next_dagrun for kis_current_price_to_postgres to 2026-04-26 09:45:00+00:00, run_after=2026-04-26 09:50:00+00:00
[2026-04-26T09:50:56.200+0000] {processor.py:208} INFO - Processing /opt/airflow/dags/kis_current_price_to_postgres.py took 0.090 seconds
[2026-04-26T09:51:26.307+0000] {processor.py:186} INFO - Started process (PID=100) to work on /opt/airflow/dags/kis_current_price_to_postgres.py
[2026-04-26T09:51:26.308+0000] {processor.py:914} INFO - Processing file /opt/airflow/dags/kis_current_price_to_postgres.py for tasks to queue
[2026-04-26T09:51:26.309+0000] {logging_mixin.py:190} INFO - [2026-04-26T09:51:26.309+0000] {dagbag.py:587} INFO - Filling up the DagBag from /opt/airflow/dags/kis_current_price_to_postgres.py
[2026-04-26T09:51:26.319+0000] {processor.py:925} INFO - DAG(s) 'kis_current_price_to_postgres' retrieved from /opt/airflow/dags/kis_current_price_to_postgres.py
[2026-04-26T09:51:26.348+0000] {logging_mixin.py:190} INFO - [2026-04-26T09:51:26.348+0000] {dag.py:3211} INFO - Sync 1 DAGs
[2026-04-26T09:51:26.375+0000] {logging_mixin.py:190} INFO - [2026-04-26T09:51:26.375+0000] {dag.py:4138} INFO - Setting next_dagrun for kis_current_price_to_postgres to 2026-04-26 09:45:00+00:00, run_after=2026-04-26 09:50:00+00:00
[2026-04-26T09:51:26.390+0000] {processor.py:208} INFO - Processing /opt/airflow/dags/kis_current_price_to_postgres.py took 0.088 seconds
[2026-04-26T09:51:56.463+0000] {processor.py:186} INFO - Started process (PID=101) to work on /opt/airflow/dags/kis_current_price_to_postgres.py
[2026-04-26T09:51:56.464+0000] {processor.py:914} INFO - Processing file /opt/airflow/dags/kis_current_price_to_postgres.py for tasks to queue
[2026-04-26T09:51:56.465+0000] {logging_mixin.py:190} INFO - [2026-04-26T09:51:56.464+0000] {dagbag.py:587} INFO - Filling up the DagBag from /opt/airflow/dags/kis_current_price_to_postgres.py
[2026-04-26T09:51:56.475+0000] {processor.py:925} INFO - DAG(s) 'kis_current_price_to_postgres' retrieved from /opt/airflow/dags/kis_current_price_to_postgres.py
[2026-04-26T09:51:56.506+0000] {logging_mixin.py:190} INFO - [2026-04-26T09:51:56.506+0000] {dag.py:3211} INFO - Sync 1 DAGs
[2026-04-26T09:51:56.533+0000] {logging_mixin.py:190} INFO - [2026-04-26T09:51:56.533+0000] {dag.py:4138} INFO - Setting next_dagrun for kis_current_price_to_postgres to 2026-04-26 09:45:00+00:00, run_after=2026-04-26 09:50:00+00:00
[2026-04-26T09:51:56.548+0000] {processor.py:208} INFO - Processing /opt/airflow/dags/kis_current_price_to_postgres.py took 0.091 seconds
[2026-04-26T09:52:26.654+0000] {processor.py:186} INFO - Started process (PID=102) to work on /opt/airflow/dags/kis_current_price_to_postgres.py
[2026-04-26T09:52:26.655+0000] {processor.py:914} INFO - Processing file /opt/airflow/dags/kis_current_price_to_postgres.py for tasks to queue
[2026-04-26T09:52:26.655+0000] {logging_mixin.py:190} INFO - [2026-04-26T09:52:26.655+0000] {dagbag.py:587} INFO - Filling up the DagBag from /opt/airflow/dags/kis_current_price_to_postgres.py
[2026-04-26T09:52:26.666+0000] {processor.py:925} INFO - DAG(s) 'kis_current_price_to_postgres' retrieved from /opt/airflow/dags/kis_current_price_to_postgres.py
[2026-04-26T09:52:26.695+0000] {logging_mixin.py:190} INFO - [2026-04-26T09:52:26.695+0000] {dag.py:3211} INFO - Sync 1 DAGs
[2026-04-26T09:52:26.724+0000] {logging_mixin.py:190} INFO - [2026-04-26T09:52:26.724+0000] {dag.py:4138} INFO - Setting next_dagrun for kis_current_price_to_postgres to 2026-04-26 09:45:00+00:00, run_after=2026-04-26 09:50:00+00:00
[2026-04-26T09:52:26.738+0000] {processor.py:208} INFO - Processing /opt/airflow/dags/kis_current_price_to_postgres.py took 0.090 seconds
[2026-04-26T09:52:56.817+0000] {processor.py:186} INFO - Started process (PID=103) to work on /opt/airflow/dags/kis_current_price_to_postgres.py
[2026-04-26T09:52:56.817+0000] {processor.py:914} INFO - Processing file /opt/airflow/dags/kis_current_price_to_postgres.py for tasks to queue
[2026-04-26T09:52:56.818+0000] {logging_mixin.py:190} INFO - [2026-04-26T09:52:56.818+0000] {dagbag.py:587} INFO - Filling up the DagBag from /opt/airflow/dags/kis_current_price_to_postgres.py
[2026-04-26T09:52:56.829+0000] {processor.py:925} INFO - DAG(s) 'kis_current_price_to_postgres' retrieved from /opt/airflow/dags/kis_current_price_to_postgres.py
[2026-04-26T09:52:56.860+0000] {logging_mixin.py:190} INFO - [2026-04-26T09:52:56.860+0000] {dag.py:3211} INFO - Sync 1 DAGs
[2026-04-26T09:52:56.885+0000] {logging_mixin.py:190} INFO - [2026-04-26T09:52:56.885+0000] {dag.py:4138} INFO - Setting next_dagrun for kis_current_price_to_postgres to 2026-04-26 09:45:00+00:00, run_after=2026-04-26 09:50:00+00:00
[2026-04-26T09:52:56.899+0000] {processor.py:208} INFO - Processing /opt/airflow/dags/kis_current_price_to_postgres.py took 0.087 seconds
[2026-04-26T09:53:26.997+0000] {processor.py:186} INFO - Started process (PID=104) to work on /opt/airflow/dags/kis_current_price_to_postgres.py
[2026-04-26T09:53:26.998+0000] {processor.py:914} INFO - Processing file /opt/airflow/dags/kis_current_price_to_postgres.py for tasks to queue
[2026-04-26T09:53:26.999+0000] {logging_mixin.py:190} INFO - [2026-04-26T09:53:26.998+0000] {dagbag.py:587} INFO - Filling up the DagBag from /opt/airflow/dags/kis_current_price_to_postgres.py
[2026-04-26T09:53:27.010+0000] {processor.py:925} INFO - DAG(s) 'kis_current_price_to_postgres' retrieved from /opt/airflow/dags/kis_current_price_to_postgres.py
[2026-04-26T09:53:27.040+0000] {logging_mixin.py:190} INFO - [2026-04-26T09:53:27.040+0000] {dag.py:3211} INFO - Sync 1 DAGs
[2026-04-26T09:53:27.068+0000] {logging_mixin.py:190} INFO - [2026-04-26T09:53:27.068+0000] {dag.py:4138} INFO - Setting next_dagrun for kis_current_price_to_postgres to 2026-04-26 09:45:00+00:00, run_after=2026-04-26 09:50:00+00:00
[2026-04-26T09:53:27.083+0000] {processor.py:208} INFO - Processing /opt/airflow/dags/kis_current_price_to_postgres.py took 0.092 seconds
[2026-04-26T09:53:57.161+0000] {processor.py:186} INFO - Started process (PID=105) to work on /opt/airflow/dags/kis_current_price_to_postgres.py
[2026-04-26T09:53:57.162+0000] {processor.py:914} INFO - Processing file /opt/airflow/dags/kis_current_price_to_postgres.py for tasks to queue
[2026-04-26T09:53:57.163+0000] {logging_mixin.py:190} INFO - [2026-04-26T09:53:57.162+0000] {dagbag.py:587} INFO - Filling up the DagBag from /opt/airflow/dags/kis_current_price_to_postgres.py
[2026-04-26T09:53:57.173+0000] {processor.py:925} INFO - DAG(s) 'kis_current_price_to_postgres' retrieved from /opt/airflow/dags/kis_current_price_to_postgres.py
[2026-04-26T09:53:57.205+0000] {logging_mixin.py:190} INFO - [2026-04-26T09:53:57.205+0000] {dag.py:3211} INFO - Sync 1 DAGs
[2026-04-26T09:53:57.234+0000] {logging_mixin.py:190} INFO - [2026-04-26T09:53:57.234+0000] {dag.py:4138} INFO - Setting next_dagrun for kis_current_price_to_postgres to 2026-04-26 09:45:00+00:00, run_after=2026-04-26 09:50:00+00:00
[2026-04-26T09:53:57.249+0000] {processor.py:208} INFO - Processing /opt/airflow/dags/kis_current_price_to_postgres.py took 0.093 seconds
[2026-04-26T09:54:27.343+0000] {processor.py:186} INFO - Started process (PID=106) to work on /opt/airflow/dags/kis_current_price_to_postgres.py
[2026-04-26T09:54:27.344+0000] {processor.py:914} INFO - Processing file /opt/airflow/dags/kis_current_price_to_postgres.py for tasks to queue
[2026-04-26T09:54:27.345+0000] {logging_mixin.py:190} INFO - [2026-04-26T09:54:27.345+0000] {dagbag.py:587} INFO - Filling up the DagBag from /opt/airflow/dags/kis_current_price_to_postgres.py
[2026-04-26T09:54:27.356+0000] {processor.py:925} INFO - DAG(s) 'kis_current_price_to_postgres' retrieved from /opt/airflow/dags/kis_current_price_to_postgres.py
[2026-04-26T09:54:27.385+0000] {logging_mixin.py:190} INFO - [2026-04-26T09:54:27.385+0000] {dag.py:3211} INFO - Sync 1 DAGs
[2026-04-26T09:54:27.412+0000] {logging_mixin.py:190} INFO - [2026-04-26T09:54:27.412+0000] {dag.py:4138} INFO - Setting next_dagrun for kis_current_price_to_postgres to 2026-04-26 09:45:00+00:00, run_after=2026-04-26 09:50:00+00:00
[2026-04-26T09:54:27.427+0000] {processor.py:208} INFO - Processing /opt/airflow/dags/kis_current_price_to_postgres.py took 0.089 seconds
[2026-04-26T09:54:57.504+0000] {processor.py:186} INFO - Started process (PID=107) to work on /opt/airflow/dags/kis_current_price_to_postgres.py
[2026-04-26T09:54:57.505+0000] {processor.py:914} INFO - Processing file /opt/airflow/dags/kis_current_price_to_postgres.py for tasks to queue
[2026-04-26T09:54:57.506+0000] {logging_mixin.py:190} INFO - [2026-04-26T09:54:57.505+0000] {dagbag.py:587} INFO - Filling up the DagBag from /opt/airflow/dags/kis_current_price_to_postgres.py
[2026-04-26T09:54:57.516+0000] {processor.py:925} INFO - DAG(s) 'kis_current_price_to_postgres' retrieved from /opt/airflow/dags/kis_current_price_to_postgres.py
[2026-04-26T09:54:57.546+0000] {logging_mixin.py:190} INFO - [2026-04-26T09:54:57.546+0000] {dag.py:3211} INFO - Sync 1 DAGs
[2026-04-26T09:54:57.574+0000] {logging_mixin.py:190} INFO - [2026-04-26T09:54:57.574+0000] {dag.py:4138} INFO - Setting next_dagrun for kis_current_price_to_postgres to 2026-04-26 09:45:00+00:00, run_after=2026-04-26 09:50:00+00:00
[2026-04-26T09:54:57.590+0000] {processor.py:208} INFO - Processing /opt/airflow/dags/kis_current_price_to_postgres.py took 0.091 seconds
[2026-04-26T09:55:27.686+0000] {processor.py:186} INFO - Started process (PID=108) to work on /opt/airflow/dags/kis_current_price_to_postgres.py
[2026-04-26T09:55:27.687+0000] {processor.py:914} INFO - Processing file /opt/airflow/dags/kis_current_price_to_postgres.py for tasks to queue
[2026-04-26T09:55:27.688+0000] {logging_mixin.py:190} INFO - [2026-04-26T09:55:27.688+0000] {dagbag.py:587} INFO - Filling up the DagBag from /opt/airflow/dags/kis_current_price_to_postgres.py
[2026-04-26T09:55:27.700+0000] {processor.py:925} INFO - DAG(s) 'kis_current_price_to_postgres' retrieved from /opt/airflow/dags/kis_current_price_to_postgres.py
[2026-04-26T09:55:27.729+0000] {logging_mixin.py:190} INFO - [2026-04-26T09:55:27.729+0000] {dag.py:3211} INFO - Sync 1 DAGs
[2026-04-26T09:55:27.756+0000] {logging_mixin.py:190} INFO - [2026-04-26T09:55:27.756+0000] {dag.py:4138} INFO - Setting next_dagrun for kis_current_price_to_postgres to 2026-04-26 09:50:00+00:00, run_after=2026-04-26 09:55:00+00:00
[2026-04-26T09:55:27.771+0000] {processor.py:208} INFO - Processing /opt/airflow/dags/kis_current_price_to_postgres.py took 0.091 seconds
[2026-04-26T09:55:57.849+0000] {processor.py:186} INFO - Started process (PID=109) to work on /opt/airflow/dags/kis_current_price_to_postgres.py
[2026-04-26T09:55:57.849+0000] {processor.py:914} INFO - Processing file /opt/airflow/dags/kis_current_price_to_postgres.py for tasks to queue
[2026-04-26T09:55:57.850+0000] {logging_mixin.py:190} INFO - [2026-04-26T09:55:57.850+0000] {dagbag.py:587} INFO - Filling up the DagBag from /opt/airflow/dags/kis_current_price_to_postgres.py
[2026-04-26T09:55:57.861+0000] {processor.py:925} INFO - DAG(s) 'kis_current_price_to_postgres' retrieved from /opt/airflow/dags/kis_current_price_to_postgres.py
[2026-04-26T09:55:57.890+0000] {logging_mixin.py:190} INFO - [2026-04-26T09:55:57.890+0000] {dag.py:3211} INFO - Sync 1 DAGs
[2026-04-26T09:55:57.918+0000] {logging_mixin.py:190} INFO - [2026-04-26T09:55:57.918+0000] {dag.py:4138} INFO - Setting next_dagrun for kis_current_price_to_postgres to 2026-04-26 09:50:00+00:00, run_after=2026-04-26 09:55:00+00:00
[2026-04-26T09:55:57.933+0000] {processor.py:208} INFO - Processing /opt/airflow/dags/kis_current_price_to_postgres.py took 0.091 seconds
[2026-04-26T09:56:28.033+0000] {processor.py:186} INFO - Started process (PID=110) to work on /opt/airflow/dags/kis_current_price_to_postgres.py
[2026-04-26T09:56:28.034+0000] {processor.py:914} INFO - Processing file /opt/airflow/dags/kis_current_price_to_postgres.py for tasks to queue
[2026-04-26T09:56:28.035+0000] {logging_mixin.py:190} INFO - [2026-04-26T09:56:28.034+0000] {dagbag.py:587} INFO - Filling up the DagBag from /opt/airflow/dags/kis_current_price_to_postgres.py
[2026-04-26T09:56:28.045+0000] {processor.py:925} INFO - DAG(s) 'kis_current_price_to_postgres' retrieved from /opt/airflow/dags/kis_current_price_to_postgres.py
[2026-04-26T09:56:28.078+0000] {logging_mixin.py:190} INFO - [2026-04-26T09:56:28.078+0000] {dag.py:3211} INFO - Sync 1 DAGs
[2026-04-26T09:56:28.108+0000] {logging_mixin.py:190} INFO - [2026-04-26T09:56:28.108+0000] {dag.py:4138} INFO - Setting next_dagrun for kis_current_price_to_postgres to 2026-04-26 09:50:00+00:00, run_after=2026-04-26 09:55:00+00:00
[2026-04-26T09:56:28.125+0000] {processor.py:208} INFO - Processing /opt/airflow/dags/kis_current_price_to_postgres.py took 0.098 seconds
[2026-04-26T09:56:58.194+0000] {processor.py:186} INFO - Started process (PID=111) to work on /opt/airflow/dags/kis_current_price_to_postgres.py
[2026-04-26T09:56:58.195+0000] {processor.py:914} INFO - Processing file /opt/airflow/dags/kis_current_price_to_postgres.py for tasks to queue
[2026-04-26T09:56:58.196+0000] {logging_mixin.py:190} INFO - [2026-04-26T09:56:58.196+0000] {dagbag.py:587} INFO - Filling up the DagBag from /opt/airflow/dags/kis_current_price_to_postgres.py
[2026-04-26T09:56:58.208+0000] {processor.py:925} INFO - DAG(s) 'kis_current_price_to_postgres' retrieved from /opt/airflow/dags/kis_current_price_to_postgres.py
[2026-04-26T09:56:58.239+0000] {logging_mixin.py:190} INFO - [2026-04-26T09:56:58.239+0000] {dag.py:3211} INFO - Sync 1 DAGs
[2026-04-26T09:56:58.268+0000] {logging_mixin.py:190} INFO - [2026-04-26T09:56:58.268+0000] {dag.py:4138} INFO - Setting next_dagrun for kis_current_price_to_postgres to 2026-04-26 09:50:00+00:00, run_after=2026-04-26 09:55:00+00:00
[2026-04-26T09:56:58.288+0000] {processor.py:208} INFO - Processing /opt/airflow/dags/kis_current_price_to_postgres.py took 0.099 seconds
[2026-04-26T09:57:28.384+0000] {processor.py:186} INFO - Started process (PID=112) to work on /opt/airflow/dags/kis_current_price_to_postgres.py
[2026-04-26T09:57:28.385+0000] {processor.py:914} INFO - Processing file /opt/airflow/dags/kis_current_price_to_postgres.py for tasks to queue
[2026-04-26T09:57:28.386+0000] {logging_mixin.py:190} INFO - [2026-04-26T09:57:28.386+0000] {dagbag.py:587} INFO - Filling up the DagBag from /opt/airflow/dags/kis_current_price_to_postgres.py
[2026-04-26T09:57:28.397+0000] {processor.py:925} INFO - DAG(s) 'kis_current_price_to_postgres' retrieved from /opt/airflow/dags/kis_current_price_to_postgres.py
[2026-04-26T09:57:28.426+0000] {logging_mixin.py:190} INFO - [2026-04-26T09:57:28.425+0000] {dag.py:3211} INFO - Sync 1 DAGs
[2026-04-26T09:57:28.455+0000] {logging_mixin.py:190} INFO - [2026-04-26T09:57:28.454+0000] {dag.py:4138} INFO - Setting next_dagrun for kis_current_price_to_postgres to 2026-04-26 09:50:00+00:00, run_after=2026-04-26 09:55:00+00:00
[2026-04-26T09:57:28.469+0000] {processor.py:208} INFO - Processing /opt/airflow/dags/kis_current_price_to_postgres.py took 0.091 seconds
[2026-04-26T09:57:58.551+0000] {processor.py:186} INFO - Started process (PID=113) to work on /opt/airflow/dags/kis_current_price_to_postgres.py
[2026-04-26T09:57:58.551+0000] {processor.py:914} INFO - Processing file /opt/airflow/dags/kis_current_price_to_postgres.py for tasks to queue
[2026-04-26T09:57:58.552+0000] {logging_mixin.py:190} INFO - [2026-04-26T09:57:58.552+0000] {dagbag.py:587} INFO - Filling up the DagBag from /opt/airflow/dags/kis_current_price_to_postgres.py
[2026-04-26T09:57:58.563+0000] {processor.py:925} INFO - DAG(s) 'kis_current_price_to_postgres' retrieved from /opt/airflow/dags/kis_current_price_to_postgres.py
[2026-04-26T09:57:58.595+0000] {logging_mixin.py:190} INFO - [2026-04-26T09:57:58.595+0000] {dag.py:3211} INFO - Sync 1 DAGs
[2026-04-26T09:57:58.625+0000] {logging_mixin.py:190} INFO - [2026-04-26T09:57:58.625+0000] {dag.py:4138} INFO - Setting next_dagrun for kis_current_price_to_postgres to 2026-04-26 09:50:00+00:00, run_after=2026-04-26 09:55:00+00:00
[2026-04-26T09:57:58.643+0000] {processor.py:208} INFO - Processing /opt/airflow/dags/kis_current_price_to_postgres.py took 0.099 seconds
[2026-04-26T09:58:28.733+0000] {processor.py:186} INFO - Started process (PID=114) to work on /opt/airflow/dags/kis_current_price_to_postgres.py
[2026-04-26T09:58:28.733+0000] {processor.py:914} INFO - Processing file /opt/airflow/dags/kis_current_price_to_postgres.py for tasks to queue
[2026-04-26T09:58:28.734+0000] {logging_mixin.py:190} INFO - [2026-04-26T09:58:28.734+0000] {dagbag.py:587} INFO - Filling up the DagBag from /opt/airflow/dags/kis_current_price_to_postgres.py
[2026-04-26T09:58:28.741+0000] {processor.py:925} INFO - DAG(s) 'kis_current_price_to_postgres' retrieved from /opt/airflow/dags/kis_current_price_to_postgres.py
[2026-04-26T09:58:28.764+0000] {logging_mixin.py:190} INFO - [2026-04-26T09:58:28.764+0000] {dag.py:3211} INFO - Sync 1 DAGs
[2026-04-26T09:58:28.784+0000] {logging_mixin.py:190} INFO - [2026-04-26T09:58:28.784+0000] {dag.py:4138} INFO - Setting next_dagrun for kis_current_price_to_postgres to 2026-04-26 09:50:00+00:00, run_after=2026-04-26 09:55:00+00:00
[2026-04-26T09:58:28.794+0000] {processor.py:208} INFO - Processing /opt/airflow/dags/kis_current_price_to_postgres.py took 0.066 seconds
[2026-04-26T09:58:58.901+0000] {processor.py:186} INFO - Started process (PID=115) to work on /opt/airflow/dags/kis_current_price_to_postgres.py
[2026-04-26T09:58:58.902+0000] {processor.py:914} INFO - Processing file /opt/airflow/dags/kis_current_price_to_postgres.py for tasks to queue
[2026-04-26T09:58:58.903+0000] {logging_mixin.py:190} INFO - [2026-04-26T09:58:58.903+0000] {dagbag.py:587} INFO - Filling up the DagBag from /opt/airflow/dags/kis_current_price_to_postgres.py
[2026-04-26T09:58:58.914+0000] {processor.py:925} INFO - DAG(s) 'kis_current_price_to_postgres' retrieved from /opt/airflow/dags/kis_current_price_to_postgres.py
[2026-04-26T09:58:58.944+0000] {logging_mixin.py:190} INFO - [2026-04-26T09:58:58.943+0000] {dag.py:3211} INFO - Sync 1 DAGs
[2026-04-26T09:58:58.972+0000] {logging_mixin.py:190} INFO - [2026-04-26T09:58:58.972+0000] {dag.py:4138} INFO - Setting next_dagrun for kis_current_price_to_postgres to 2026-04-26 09:50:00+00:00, run_after=2026-04-26 09:55:00+00:00
[2026-04-26T09:58:58.989+0000] {processor.py:208} INFO - Processing /opt/airflow/dags/kis_current_price_to_postgres.py took 0.093 seconds
[2026-04-26T09:59:29.058+0000] {processor.py:186} INFO - Started process (PID=116) to work on /opt/airflow/dags/kis_current_price_to_postgres.py
[2026-04-26T09:59:29.059+0000] {processor.py:914} INFO - Processing file /opt/airflow/dags/kis_current_price_to_postgres.py for tasks to queue
[2026-04-26T09:59:29.061+0000] {logging_mixin.py:190} INFO - [2026-04-26T09:59:29.060+0000] {dagbag.py:587} INFO - Filling up the DagBag from /opt/airflow/dags/kis_current_price_to_postgres.py
[2026-04-26T09:59:29.071+0000] {processor.py:925} INFO - DAG(s) 'kis_current_price_to_postgres' retrieved from /opt/airflow/dags/kis_current_price_to_postgres.py
[2026-04-26T09:59:29.102+0000] {logging_mixin.py:190} INFO - [2026-04-26T09:59:29.101+0000] {dag.py:3211} INFO - Sync 1 DAGs
[2026-04-26T09:59:29.128+0000] {logging_mixin.py:190} INFO - [2026-04-26T09:59:29.128+0000] {dag.py:4138} INFO - Setting next_dagrun for kis_current_price_to_postgres to 2026-04-26 09:50:00+00:00, run_after=2026-04-26 09:55:00+00:00
[2026-04-26T09:59:29.142+0000] {processor.py:208} INFO - Processing /opt/airflow/dags/kis_current_price_to_postgres.py took 0.090 seconds
[2026-04-26T09:59:59.256+0000] {processor.py:186} INFO - Started process (PID=117) to work on /opt/airflow/dags/kis_current_price_to_postgres.py
[2026-04-26T09:59:59.256+0000] {processor.py:914} INFO - Processing file /opt/airflow/dags/kis_current_price_to_postgres.py for tasks to queue
[2026-04-26T09:59:59.257+0000] {logging_mixin.py:190} INFO - [2026-04-26T09:59:59.257+0000] {dagbag.py:587} INFO - Filling up the DagBag from /opt/airflow/dags/kis_current_price_to_postgres.py
[2026-04-26T09:59:59.268+0000] {processor.py:925} INFO - DAG(s) 'kis_current_price_to_postgres' retrieved from /opt/airflow/dags/kis_current_price_to_postgres.py
[2026-04-26T09:59:59.298+0000] {logging_mixin.py:190} INFO - [2026-04-26T09:59:59.298+0000] {dag.py:3211} INFO - Sync 1 DAGs
[2026-04-26T09:59:59.325+0000] {logging_mixin.py:190} INFO - [2026-04-26T09:59:59.325+0000] {dag.py:4138} INFO - Setting next_dagrun for kis_current_price_to_postgres to 2026-04-26 09:50:00+00:00, run_after=2026-04-26 09:55:00+00:00
[2026-04-26T09:59:59.339+0000] {processor.py:208} INFO - Processing /opt/airflow/dags/kis_current_price_to_postgres.py took 0.088 seconds
[2026-04-26T10:00:29.405+0000] {processor.py:186} INFO - Started process (PID=118) to work on /opt/airflow/dags/kis_current_price_to_postgres.py
[2026-04-26T10:00:29.405+0000] {processor.py:914} INFO - Processing file /opt/airflow/dags/kis_current_price_to_postgres.py for tasks to queue
[2026-04-26T10:00:29.406+0000] {logging_mixin.py:190} INFO - [2026-04-26T10:00:29.406+0000] {dagbag.py:587} INFO - Filling up the DagBag from /opt/airflow/dags/kis_current_price_to_postgres.py
[2026-04-26T10:00:29.417+0000] {processor.py:925} INFO - DAG(s) 'kis_current_price_to_postgres' retrieved from /opt/airflow/dags/kis_current_price_to_postgres.py
[2026-04-26T10:00:29.449+0000] {logging_mixin.py:190} INFO - [2026-04-26T10:00:29.449+0000] {dag.py:3211} INFO - Sync 1 DAGs
[2026-04-26T10:00:29.477+0000] {logging_mixin.py:190} INFO - [2026-04-26T10:00:29.476+0000] {dag.py:4138} INFO - Setting next_dagrun for kis_current_price_to_postgres to 2026-04-26 09:55:00+00:00, run_after=2026-04-26 10:00:00+00:00
[2026-04-26T10:00:29.492+0000] {processor.py:208} INFO - Processing /opt/airflow/dags/kis_current_price_to_postgres.py took 0.093 seconds
[2026-04-26T10:00:59.601+0000] {processor.py:186} INFO - Started process (PID=119) to work on /opt/airflow/dags/kis_current_price_to_postgres.py
[2026-04-26T10:00:59.601+0000] {processor.py:914} INFO - Processing file /opt/airflow/dags/kis_current_price_to_postgres.py for tasks to queue
[2026-04-26T10:00:59.602+0000] {logging_mixin.py:190} INFO - [2026-04-26T10:00:59.602+0000] {dagbag.py:587} INFO - Filling up the DagBag from /opt/airflow/dags/kis_current_price_to_postgres.py
[2026-04-26T10:00:59.613+0000] {processor.py:925} INFO - DAG(s) 'kis_current_price_to_postgres' retrieved from /opt/airflow/dags/kis_current_price_to_postgres.py
[2026-04-26T10:00:59.642+0000] {logging_mixin.py:190} INFO - [2026-04-26T10:00:59.642+0000] {dag.py:3211} INFO - Sync 1 DAGs
[2026-04-26T10:00:59.672+0000] {logging_mixin.py:190} INFO - [2026-04-26T10:00:59.672+0000] {dag.py:4138} INFO - Setting next_dagrun for kis_current_price_to_postgres to 2026-04-26 09:55:00+00:00, run_after=2026-04-26 10:00:00+00:00
[2026-04-26T10:00:59.686+0000] {processor.py:208} INFO - Processing /opt/airflow/dags/kis_current_price_to_postgres.py took 0.091 seconds
[2026-04-26T10:01:29.757+0000] {processor.py:186} INFO - Started process (PID=120) to work on /opt/airflow/dags/kis_current_price_to_postgres.py
[2026-04-26T10:01:29.758+0000] {processor.py:914} INFO - Processing file /opt/airflow/dags/kis_current_price_to_postgres.py for tasks to queue
[2026-04-26T10:01:29.759+0000] {logging_mixin.py:190} INFO - [2026-04-26T10:01:29.759+0000] {dagbag.py:587} INFO - Filling up the DagBag from /opt/airflow/dags/kis_current_price_to_postgres.py
[2026-04-26T10:01:29.770+0000] {processor.py:925} INFO - DAG(s) 'kis_current_price_to_postgres' retrieved from /opt/airflow/dags/kis_current_price_to_postgres.py
[2026-04-26T10:01:29.802+0000] {logging_mixin.py:190} INFO - [2026-04-26T10:01:29.801+0000] {dag.py:3211} INFO - Sync 1 DAGs
[2026-04-26T10:01:29.831+0000] {logging_mixin.py:190} INFO - [2026-04-26T10:01:29.831+0000] {dag.py:4138} INFO - Setting next_dagrun for kis_current_price_to_postgres to 2026-04-26 09:55:00+00:00, run_after=2026-04-26 10:00:00+00:00
[2026-04-26T10:01:29.846+0000] {processor.py:208} INFO - Processing /opt/airflow/dags/kis_current_price_to_postgres.py took 0.095 seconds
[2026-04-26T10:01:59.966+0000] {processor.py:186} INFO - Started process (PID=121) to work on /opt/airflow/dags/kis_current_price_to_postgres.py
[2026-04-26T10:01:59.967+0000] {processor.py:914} INFO - Processing file /opt/airflow/dags/kis_current_price_to_postgres.py for tasks to queue
[2026-04-26T10:01:59.968+0000] {logging_mixin.py:190} INFO - [2026-04-26T10:01:59.968+0000] {dagbag.py:587} INFO - Filling up the DagBag from /opt/airflow/dags/kis_current_price_to_postgres.py
[2026-04-26T10:01:59.979+0000] {processor.py:925} INFO - DAG(s) 'kis_current_price_to_postgres' retrieved from /opt/airflow/dags/kis_current_price_to_postgres.py
[2026-04-26T10:02:00.011+0000] {logging_mixin.py:190} INFO - [2026-04-26T10:02:00.011+0000] {dag.py:3211} INFO - Sync 1 DAGs
[2026-04-26T10:02:00.040+0000] {logging_mixin.py:190} INFO - [2026-04-26T10:02:00.040+0000] {dag.py:4138} INFO - Setting next_dagrun for kis_current_price_to_postgres to 2026-04-26 09:55:00+00:00, run_after=2026-04-26 10:00:00+00:00
[2026-04-26T10:02:00.055+0000] {processor.py:208} INFO - Processing /opt/airflow/dags/kis_current_price_to_postgres.py took 0.094 seconds
[2026-04-26T10:02:30.118+0000] {processor.py:186} INFO - Started process (PID=122) to work on /opt/airflow/dags/kis_current_price_to_postgres.py
[2026-04-26T10:02:30.119+0000] {processor.py:914} INFO - Processing file /opt/airflow/dags/kis_current_price_to_postgres.py for tasks to queue
[2026-04-26T10:02:30.120+0000] {logging_mixin.py:190} INFO - [2026-04-26T10:02:30.119+0000] {dagbag.py:587} INFO - Filling up the DagBag from /opt/airflow/dags/kis_current_price_to_postgres.py
[2026-04-26T10:02:30.130+0000] {processor.py:925} INFO - DAG(s) 'kis_current_price_to_postgres' retrieved from /opt/airflow/dags/kis_current_price_to_postgres.py
[2026-04-26T10:02:30.161+0000] {logging_mixin.py:190} INFO - [2026-04-26T10:02:30.161+0000] {dag.py:3211} INFO - Sync 1 DAGs
[2026-04-26T10:02:30.191+0000] {logging_mixin.py:190} INFO - [2026-04-26T10:02:30.191+0000] {dag.py:4138} INFO - Setting next_dagrun for kis_current_price_to_postgres to 2026-04-26 09:55:00+00:00, run_after=2026-04-26 10:00:00+00:00
[2026-04-26T10:02:30.205+0000] {processor.py:208} INFO - Processing /opt/airflow/dags/kis_current_price_to_postgres.py took 0.093 seconds
[2026-04-26T10:03:00.315+0000] {processor.py:186} INFO - Started process (PID=123) to work on /opt/airflow/dags/kis_current_price_to_postgres.py
[2026-04-26T10:03:00.316+0000] {processor.py:914} INFO - Processing file /opt/airflow/dags/kis_current_price_to_postgres.py for tasks to queue
[2026-04-26T10:03:00.316+0000] {logging_mixin.py:190} INFO - [2026-04-26T10:03:00.316+0000] {dagbag.py:587} INFO - Filling up the DagBag from /opt/airflow/dags/kis_current_price_to_postgres.py
[2026-04-26T10:03:00.324+0000] {processor.py:925} INFO - DAG(s) 'kis_current_price_to_postgres' retrieved from /opt/airflow/dags/kis_current_price_to_postgres.py
[2026-04-26T10:03:00.346+0000] {logging_mixin.py:190} INFO - [2026-04-26T10:03:00.346+0000] {dag.py:3211} INFO - Sync 1 DAGs
[2026-04-26T10:03:00.366+0000] {logging_mixin.py:190} INFO - [2026-04-26T10:03:00.365+0000] {dag.py:4138} INFO - Setting next_dagrun for kis_current_price_to_postgres to 2026-04-26 09:55:00+00:00, run_after=2026-04-26 10:00:00+00:00
[2026-04-26T10:03:00.376+0000] {processor.py:208} INFO - Processing /opt/airflow/dags/kis_current_price_to_postgres.py took 0.064 seconds
[2026-04-26T10:03:30.467+0000] {processor.py:186} INFO - Started process (PID=124) to work on /opt/airflow/dags/kis_current_price_to_postgres.py
[2026-04-26T10:03:30.467+0000] {processor.py:914} INFO - Processing file /opt/airflow/dags/kis_current_price_to_postgres.py for tasks to queue
[2026-04-26T10:03:30.468+0000] {logging_mixin.py:190} INFO - [2026-04-26T10:03:30.468+0000] {dagbag.py:587} INFO - Filling up the DagBag from /opt/airflow/dags/kis_current_price_to_postgres.py
[2026-04-26T10:03:30.478+0000] {processor.py:925} INFO - DAG(s) 'kis_current_price_to_postgres' retrieved from /opt/airflow/dags/kis_current_price_to_postgres.py
[2026-04-26T10:03:30.507+0000] {logging_mixin.py:190} INFO - [2026-04-26T10:03:30.507+0000] {dag.py:3211} INFO - Sync 1 DAGs
[2026-04-26T10:03:30.536+0000] {logging_mixin.py:190} INFO - [2026-04-26T10:03:30.536+0000] {dag.py:4138} INFO - Setting next_dagrun for kis_current_price_to_postgres to 2026-04-26 09:55:00+00:00, run_after=2026-04-26 10:00:00+00:00
[2026-04-26T10:03:30.553+0000] {processor.py:208} INFO - Processing /opt/airflow/dags/kis_current_price_to_postgres.py took 0.093 seconds
[2026-04-26T10:04:00.621+0000] {processor.py:186} INFO - Started process (PID=125) to work on /opt/airflow/dags/kis_current_price_to_postgres.py
[2026-04-26T10:04:00.622+0000] {processor.py:914} INFO - Processing file /opt/airflow/dags/kis_current_price_to_postgres.py for tasks to queue
[2026-04-26T10:04:00.622+0000] {logging_mixin.py:190} INFO - [2026-04-26T10:04:00.622+0000] {dagbag.py:587} INFO - Filling up the DagBag from /opt/airflow/dags/kis_current_price_to_postgres.py
[2026-04-26T10:04:00.633+0000] {processor.py:925} INFO - DAG(s) 'kis_current_price_to_postgres' retrieved from /opt/airflow/dags/kis_current_price_to_postgres.py
[2026-04-26T10:04:00.664+0000] {logging_mixin.py:190} INFO - [2026-04-26T10:04:00.664+0000] {dag.py:3211} INFO - Sync 1 DAGs
[2026-04-26T10:04:00.692+0000] {logging_mixin.py:190} INFO - [2026-04-26T10:04:00.691+0000] {dag.py:4138} INFO - Setting next_dagrun for kis_current_price_to_postgres to 2026-04-26 09:55:00+00:00, run_after=2026-04-26 10:00:00+00:00
[2026-04-26T10:04:00.705+0000] {processor.py:208} INFO - Processing /opt/airflow/dags/kis_current_price_to_postgres.py took 0.089 seconds
[2026-04-26T10:04:30.817+0000] {processor.py:186} INFO - Started process (PID=126) to work on /opt/airflow/dags/kis_current_price_to_postgres.py
[2026-04-26T10:04:30.818+0000] {processor.py:914} INFO - Processing file /opt/airflow/dags/kis_current_price_to_postgres.py for tasks to queue
[2026-04-26T10:04:30.819+0000] {logging_mixin.py:190} INFO - [2026-04-26T10:04:30.819+0000] {dagbag.py:587} INFO - Filling up the DagBag from /opt/airflow/dags/kis_current_price_to_postgres.py
[2026-04-26T10:04:30.832+0000] {processor.py:925} INFO - DAG(s) 'kis_current_price_to_postgres' retrieved from /opt/airflow/dags/kis_current_price_to_postgres.py
[2026-04-26T10:04:30.865+0000] {logging_mixin.py:190} INFO - [2026-04-26T10:04:30.865+0000] {dag.py:3211} INFO - Sync 1 DAGs
[2026-04-26T10:04:30.898+0000] {logging_mixin.py:190} INFO - [2026-04-26T10:04:30.898+0000] {dag.py:4138} INFO - Setting next_dagrun for kis_current_price_to_postgres to 2026-04-26 09:55:00+00:00, run_after=2026-04-26 10:00:00+00:00
[2026-04-26T10:04:30.914+0000] {processor.py:208} INFO - Processing /opt/airflow/dags/kis_current_price_to_postgres.py took 0.102 seconds
