[2026-04-27T07:15:25.442+0000] {manager.py:483} INFO - Processing files using up to 2 processes at a time 
[2026-04-27T07:15:25.443+0000] {manager.py:484} INFO - Process each file at most once every 30 seconds
[2026-04-27T07:15:25.443+0000] {manager.py:485} INFO - Checking for new files in /opt/airflow/dags every 300 seconds
[2026-04-27T07:15:25.443+0000] {manager.py:821} INFO - Searching for files in /opt/airflow/dags
[2026-04-27T07:15:25.444+0000] {manager.py:824} INFO - There are 1 files in /opt/airflow/dags
[2026-04-27T07:15:25.499+0000] {manager.py:997} INFO - 
================================================================================
DAG File Processing Stats

File Path                                             PID  Runtime      # DAGs    # Errors  Last Runtime    Last Run      Last # of DB Queries
--------------------------------------------------  -----  ---------  --------  ----------  --------------  ----------  ----------------------
/opt/airflow/dags/kis_current_price_to_postgres.py     33  0.02s             0           0                                                   0
================================================================================
[2026-04-27T07:15:55.635+0000] {manager.py:997} INFO - 
================================================================================
DAG File Processing Stats

File Path                                             PID  Runtime      # DAGs    # Errors  Last Runtime    Last Run               Last # of DB Queries
--------------------------------------------------  -----  ---------  --------  ----------  --------------  -------------------  ----------------------
/opt/airflow/dags/kis_current_price_to_postgres.py     34  0.01s             0           1  0.04s           2026-04-27T07:15:25                       3
================================================================================
[2026-04-27T07:16:25.779+0000] {manager.py:997} INFO - 
================================================================================
DAG File Processing Stats

File Path                                             PID  Runtime      # DAGs    # Errors  Last Runtime    Last Run               Last # of DB Queries
--------------------------------------------------  -----  ---------  --------  ----------  --------------  -------------------  ----------------------
/opt/airflow/dags/kis_current_price_to_postgres.py     35  0.01s             0           1  0.05s           2026-04-27T07:15:55                       5
================================================================================
[2026-04-27T07:16:55.930+0000] {manager.py:997} INFO - 
================================================================================
DAG File Processing Stats

File Path                                             PID  Runtime      # DAGs    # Errors  Last Runtime    Last Run               Last # of DB Queries
--------------------------------------------------  -----  ---------  --------  ----------  --------------  -------------------  ----------------------
/opt/airflow/dags/kis_current_price_to_postgres.py     36  0.01s             0           1  0.06s           2026-04-27T07:16:25                       5
================================================================================
[2026-04-27T07:17:26.079+0000] {manager.py:997} INFO - 
================================================================================
DAG File Processing Stats

File Path                                             PID  Runtime      # DAGs    # Errors  Last Runtime    Last Run               Last # of DB Queries
--------------------------------------------------  -----  ---------  --------  ----------  --------------  -------------------  ----------------------
/opt/airflow/dags/kis_current_price_to_postgres.py     37  0.01s             0           1  0.05s           2026-04-27T07:16:55                       5
================================================================================
[2026-04-27T07:17:39.685+0000] {manager.py:465} INFO - Exiting gracefully upon receiving signal 15
[2026-04-27T07:18:14.892+0000] {manager.py:483} INFO - Processing files using up to 2 processes at a time 
[2026-04-27T07:18:14.893+0000] {manager.py:484} INFO - Process each file at most once every 30 seconds
[2026-04-27T07:18:14.893+0000] {manager.py:485} INFO - Checking for new files in /opt/airflow/dags every 300 seconds
[2026-04-27T07:18:14.893+0000] {manager.py:821} INFO - Searching for files in /opt/airflow/dags
[2026-04-27T07:18:14.894+0000] {manager.py:824} INFO - There are 1 files in /opt/airflow/dags
[2026-04-27T07:18:14.965+0000] {manager.py:997} INFO - 
================================================================================
DAG File Processing Stats

File Path                                             PID  Runtime      # DAGs    # Errors  Last Runtime    Last Run      Last # of DB Queries
--------------------------------------------------  -----  ---------  --------  ----------  --------------  ----------  ----------------------
/opt/airflow/dags/kis_current_price_to_postgres.py     33  0.02s             0           0                                                   0
================================================================================
[2026-04-27T07:18:45.096+0000] {manager.py:997} INFO - 
================================================================================
DAG File Processing Stats

File Path                                             PID  Runtime      # DAGs    # Errors  Last Runtime    Last Run               Last # of DB Queries
--------------------------------------------------  -----  ---------  --------  ----------  --------------  -------------------  ----------------------
/opt/airflow/dags/kis_current_price_to_postgres.py     34  0.01s             0           1  0.05s           2026-04-27T07:18:14                       3
================================================================================
[2026-04-27T07:19:15.242+0000] {manager.py:997} INFO - 
================================================================================
DAG File Processing Stats

File Path                                             PID  Runtime      # DAGs    # Errors  Last Runtime    Last Run               Last # of DB Queries
--------------------------------------------------  -----  ---------  --------  ----------  --------------  -------------------  ----------------------
/opt/airflow/dags/kis_current_price_to_postgres.py     35  0.01s             0           1  0.06s           2026-04-27T07:18:45                       5
================================================================================
[2026-04-27T07:19:45.390+0000] {manager.py:997} INFO - 
================================================================================
DAG File Processing Stats

File Path                                             PID  Runtime      # DAGs    # Errors  Last Runtime    Last Run               Last # of DB Queries
--------------------------------------------------  -----  ---------  --------  ----------  --------------  -------------------  ----------------------
/opt/airflow/dags/kis_current_price_to_postgres.py     36  0.01s             0           1  0.06s           2026-04-27T07:19:15                       5
================================================================================
[2026-04-27T07:20:15.543+0000] {manager.py:997} INFO - 
================================================================================
DAG File Processing Stats

File Path                                             PID  Runtime      # DAGs    # Errors  Last Runtime    Last Run               Last # of DB Queries
--------------------------------------------------  -----  ---------  --------  ----------  --------------  -------------------  ----------------------
/opt/airflow/dags/kis_current_price_to_postgres.py     37  0.01s             0           1  0.06s           2026-04-27T07:19:45                       5
================================================================================
[2026-04-27T07:20:45.692+0000] {manager.py:997} INFO - 
================================================================================
DAG File Processing Stats

File Path                                             PID  Runtime      # DAGs    # Errors  Last Runtime    Last Run               Last # of DB Queries
--------------------------------------------------  -----  ---------  --------  ----------  --------------  -------------------  ----------------------
/opt/airflow/dags/kis_current_price_to_postgres.py     38  0.01s             0           1  0.04s           2026-04-27T07:20:15                       5
================================================================================
[2026-04-27T07:21:15.847+0000] {manager.py:997} INFO - 
================================================================================
DAG File Processing Stats

File Path                                             PID  Runtime      # DAGs    # Errors  Last Runtime    Last Run               Last # of DB Queries
--------------------------------------------------  -----  ---------  --------  ----------  --------------  -------------------  ----------------------
/opt/airflow/dags/kis_current_price_to_postgres.py     39  0.01s             0           1  0.06s           2026-04-27T07:20:45                       5
================================================================================
[2026-04-27T07:21:45.999+0000] {manager.py:997} INFO - 
================================================================================
DAG File Processing Stats

File Path                                             PID  Runtime      # DAGs    # Errors  Last Runtime    Last Run               Last # of DB Queries
--------------------------------------------------  -----  ---------  --------  ----------  --------------  -------------------  ----------------------
/opt/airflow/dags/kis_current_price_to_postgres.py     40  0.01s             0           1  0.06s           2026-04-27T07:21:15                       5
================================================================================
[2026-04-27T07:22:16.145+0000] {manager.py:997} INFO - 
================================================================================
DAG File Processing Stats

File Path                                             PID  Runtime      # DAGs    # Errors  Last Runtime    Last Run               Last # of DB Queries
--------------------------------------------------  -----  ---------  --------  ----------  --------------  -------------------  ----------------------
/opt/airflow/dags/kis_current_price_to_postgres.py     41  0.01s             0           1  0.05s           2026-04-27T07:21:46                       5
================================================================================
[2026-04-27T07:22:46.296+0000] {manager.py:997} INFO - 
================================================================================
DAG File Processing Stats

File Path                                             PID  Runtime      # DAGs    # Errors  Last Runtime    Last Run               Last # of DB Queries
--------------------------------------------------  -----  ---------  --------  ----------  --------------  -------------------  ----------------------
/opt/airflow/dags/kis_current_price_to_postgres.py     42  0.01s             0           1  0.06s           2026-04-27T07:22:16                       5
================================================================================
[2026-04-27T07:23:15.433+0000] {manager.py:821} INFO - Searching for files in /opt/airflow/dags
[2026-04-27T07:23:15.434+0000] {manager.py:824} INFO - There are 1 files in /opt/airflow/dags
[2026-04-27T07:23:16.454+0000] {manager.py:997} INFO - 
================================================================================
DAG File Processing Stats

File Path                                             PID  Runtime      # DAGs    # Errors  Last Runtime    Last Run               Last # of DB Queries
--------------------------------------------------  -----  ---------  --------  ----------  --------------  -------------------  ----------------------
/opt/airflow/dags/kis_current_price_to_postgres.py     43  0.01s             0           1  0.06s           2026-04-27T07:22:46                       5
================================================================================
[2026-04-27T07:23:46.607+0000] {manager.py:997} INFO - 
================================================================================
DAG File Processing Stats

File Path                                             PID  Runtime      # DAGs    # Errors  Last Runtime    Last Run               Last # of DB Queries
--------------------------------------------------  -----  ---------  --------  ----------  --------------  -------------------  ----------------------
/opt/airflow/dags/kis_current_price_to_postgres.py     44  0.01s             0           1  0.05s           2026-04-27T07:23:16                       5
================================================================================
[2026-04-27T07:24:16.759+0000] {manager.py:997} INFO - 
================================================================================
DAG File Processing Stats

File Path                                             PID  Runtime      # DAGs    # Errors  Last Runtime    Last Run               Last # of DB Queries
--------------------------------------------------  -----  ---------  --------  ----------  --------------  -------------------  ----------------------
/opt/airflow/dags/kis_current_price_to_postgres.py     45  0.01s             0           1  0.06s           2026-04-27T07:23:46                       5
================================================================================
[2026-04-27T07:24:46.905+0000] {manager.py:997} INFO - 
================================================================================
DAG File Processing Stats

File Path                                             PID  Runtime      # DAGs    # Errors  Last Runtime    Last Run               Last # of DB Queries
--------------------------------------------------  -----  ---------  --------  ----------  --------------  -------------------  ----------------------
/opt/airflow/dags/kis_current_price_to_postgres.py     46  0.01s             0           1  0.05s           2026-04-27T07:24:16                       5
================================================================================
[2026-04-27T07:25:17.029+0000] {manager.py:997} INFO - 
================================================================================
DAG File Processing Stats

File Path                                           PID    Runtime      # DAGs    # Errors  Last Runtime    Last Run               Last # of DB Queries
--------------------------------------------------  -----  ---------  --------  ----------  --------------  -------------------  ----------------------
/opt/airflow/dags/kis_current_price_to_postgres.py                           1           0  0.32s           2026-04-27T07:24:47                      26
================================================================================
[2026-04-27T07:25:47.474+0000] {manager.py:997} INFO - 
================================================================================
DAG File Processing Stats

File Path                                             PID  Runtime      # DAGs    # Errors  Last Runtime    Last Run               Last # of DB Queries
--------------------------------------------------  -----  ---------  --------  ----------  --------------  -------------------  ----------------------
/opt/airflow/dags/kis_current_price_to_postgres.py    102  0.01s             1           0  0.11s           2026-04-27T07:25:17                      12
================================================================================
[2026-04-27T07:26:17.688+0000] {manager.py:997} INFO - 
================================================================================
DAG File Processing Stats

File Path                                             PID  Runtime      # DAGs    # Errors  Last Runtime    Last Run               Last # of DB Queries
--------------------------------------------------  -----  ---------  --------  ----------  --------------  -------------------  ----------------------
/opt/airflow/dags/kis_current_price_to_postgres.py    157  0.01s             1           0  0.12s           2026-04-27T07:25:47                      12
================================================================================
[2026-04-27T07:26:47.827+0000] {manager.py:997} INFO - 
================================================================================
DAG File Processing Stats

File Path                                             PID  Runtime      # DAGs    # Errors  Last Runtime    Last Run               Last # of DB Queries
--------------------------------------------------  -----  ---------  --------  ----------  --------------  -------------------  ----------------------
/opt/airflow/dags/kis_current_price_to_postgres.py    158  0.01s             1           0  0.12s           2026-04-27T07:26:17                      12
================================================================================
[2026-04-27T07:27:18.043+0000] {manager.py:997} INFO - 
================================================================================
DAG File Processing Stats

File Path                                             PID  Runtime      # DAGs    # Errors  Last Runtime    Last Run               Last # of DB Queries
--------------------------------------------------  -----  ---------  --------  ----------  --------------  -------------------  ----------------------
/opt/airflow/dags/kis_current_price_to_postgres.py    159  0.01s             1           0  0.12s           2026-04-27T07:26:47                      12
================================================================================
[2026-04-27T07:27:48.186+0000] {manager.py:997} INFO - 
================================================================================
DAG File Processing Stats

File Path                                             PID  Runtime      # DAGs    # Errors  Last Runtime    Last Run               Last # of DB Queries
--------------------------------------------------  -----  ---------  --------  ----------  --------------  -------------------  ----------------------
/opt/airflow/dags/kis_current_price_to_postgres.py    160  0.01s             1           0  0.11s           2026-04-27T07:27:18                      12
================================================================================
[2026-04-27T07:28:16.376+0000] {manager.py:821} INFO - Searching for files in /opt/airflow/dags
[2026-04-27T07:28:16.377+0000] {manager.py:824} INFO - There are 1 files in /opt/airflow/dags
[2026-04-27T07:28:18.403+0000] {manager.py:997} INFO - 
================================================================================
DAG File Processing Stats

File Path                                             PID  Runtime      # DAGs    # Errors  Last Runtime    Last Run               Last # of DB Queries
--------------------------------------------------  -----  ---------  --------  ----------  --------------  -------------------  ----------------------
/opt/airflow/dags/kis_current_price_to_postgres.py    161  0.01s             1           0  0.11s           2026-04-27T07:27:48                      12
================================================================================
[2026-04-27T07:28:18.861+0000] {manager.py:465} INFO - Exiting gracefully upon receiving signal 15
[2026-04-27T07:28:54.798+0000] {manager.py:483} INFO - Processing files using up to 2 processes at a time 
[2026-04-27T07:28:54.799+0000] {manager.py:484} INFO - Process each file at most once every 30 seconds
[2026-04-27T07:28:54.799+0000] {manager.py:485} INFO - Checking for new files in /opt/airflow/dags every 300 seconds
[2026-04-27T07:28:54.799+0000] {manager.py:821} INFO - Searching for files in /opt/airflow/dags
[2026-04-27T07:28:54.800+0000] {manager.py:824} INFO - There are 1 files in /opt/airflow/dags
[2026-04-27T07:28:54.850+0000] {manager.py:997} INFO - 
================================================================================
DAG File Processing Stats

File Path                                             PID  Runtime      # DAGs    # Errors  Last Runtime    Last Run      Last # of DB Queries
--------------------------------------------------  -----  ---------  --------  ----------  --------------  ----------  ----------------------
/opt/airflow/dags/kis_current_price_to_postgres.py     32  0.02s             0           0                                                   0
================================================================================
[2026-04-27T07:29:24.970+0000] {manager.py:997} INFO - 
================================================================================
DAG File Processing Stats

File Path                                           PID    Runtime      # DAGs    # Errors  Last Runtime    Last Run               Last # of DB Queries
--------------------------------------------------  -----  ---------  --------  ----------  --------------  -------------------  ----------------------
/opt/airflow/dags/kis_current_price_to_postgres.py                           1           0  0.26s           2026-04-27T07:28:55                      26
================================================================================
[2026-04-27T07:29:55.339+0000] {manager.py:997} INFO - 
================================================================================
DAG File Processing Stats

File Path                                             PID  Runtime      # DAGs    # Errors  Last Runtime    Last Run               Last # of DB Queries
--------------------------------------------------  -----  ---------  --------  ----------  --------------  -------------------  ----------------------
/opt/airflow/dags/kis_current_price_to_postgres.py     71  0.01s             1           0  0.12s           2026-04-27T07:29:25                      12
================================================================================
[2026-04-27T07:30:25.551+0000] {manager.py:997} INFO - 
================================================================================
DAG File Processing Stats

File Path                                             PID  Runtime      # DAGs    # Errors  Last Runtime    Last Run               Last # of DB Queries
--------------------------------------------------  -----  ---------  --------  ----------  --------------  -------------------  ----------------------
/opt/airflow/dags/kis_current_price_to_postgres.py     90  0.01s             1           0  0.13s           2026-04-27T07:29:55                      12
================================================================================
[2026-04-27T07:30:55.693+0000] {manager.py:997} INFO - 
================================================================================
DAG File Processing Stats

File Path                                             PID  Runtime      # DAGs    # Errors  Last Runtime    Last Run               Last # of DB Queries
--------------------------------------------------  -----  ---------  --------  ----------  --------------  -------------------  ----------------------
/opt/airflow/dags/kis_current_price_to_postgres.py     91  0.01s             1           0  0.09s           2026-04-27T07:30:25                      12
================================================================================
[2026-04-27T07:31:25.872+0000] {manager.py:997} INFO - 
================================================================================
DAG File Processing Stats

File Path                                             PID  Runtime      # DAGs    # Errors  Last Runtime    Last Run               Last # of DB Queries
--------------------------------------------------  -----  ---------  --------  ----------  --------------  -------------------  ----------------------
/opt/airflow/dags/kis_current_price_to_postgres.py     92  0.01s             1           0  0.12s           2026-04-27T07:30:55                      12
================================================================================
[2026-04-27T07:31:56.042+0000] {manager.py:997} INFO - 
================================================================================
DAG File Processing Stats

File Path                                             PID  Runtime      # DAGs    # Errors  Last Runtime    Last Run               Last # of DB Queries
--------------------------------------------------  -----  ---------  --------  ----------  --------------  -------------------  ----------------------
/opt/airflow/dags/kis_current_price_to_postgres.py     93  0.01s             1           0  0.11s           2026-04-27T07:31:25                      12
================================================================================
[2026-04-27T07:32:26.227+0000] {manager.py:997} INFO - 
================================================================================
DAG File Processing Stats

File Path                                             PID  Runtime      # DAGs    # Errors  Last Runtime    Last Run               Last # of DB Queries
--------------------------------------------------  -----  ---------  --------  ----------  --------------  -------------------  ----------------------
/opt/airflow/dags/kis_current_price_to_postgres.py     94  0.01s             1           0  0.11s           2026-04-27T07:31:56                      12
================================================================================
[2026-04-27T07:32:56.390+0000] {manager.py:997} INFO - 
================================================================================
DAG File Processing Stats

File Path                                             PID  Runtime      # DAGs    # Errors  Last Runtime    Last Run               Last # of DB Queries
--------------------------------------------------  -----  ---------  --------  ----------  --------------  -------------------  ----------------------
/opt/airflow/dags/kis_current_price_to_postgres.py     95  0.01s             1           0  0.11s           2026-04-27T07:32:26                      12
================================================================================
[2026-04-27T07:33:26.564+0000] {manager.py:997} INFO - 
================================================================================
DAG File Processing Stats

File Path                                             PID  Runtime      # DAGs    # Errors  Last Runtime    Last Run               Last # of DB Queries
--------------------------------------------------  -----  ---------  --------  ----------  --------------  -------------------  ----------------------
/opt/airflow/dags/kis_current_price_to_postgres.py     96  0.01s             1           0  0.12s           2026-04-27T07:32:56                      12
================================================================================
[2026-04-27T07:33:55.720+0000] {manager.py:821} INFO - Searching for files in /opt/airflow/dags
[2026-04-27T07:33:55.722+0000] {manager.py:824} INFO - There are 1 files in /opt/airflow/dags
[2026-04-27T07:33:56.743+0000] {manager.py:997} INFO - 
================================================================================
DAG File Processing Stats

File Path                                             PID  Runtime      # DAGs    # Errors  Last Runtime    Last Run               Last # of DB Queries
--------------------------------------------------  -----  ---------  --------  ----------  --------------  -------------------  ----------------------
/opt/airflow/dags/kis_current_price_to_postgres.py     97  0.01s             1           0  0.11s           2026-04-27T07:33:26                      12
================================================================================
[2026-04-27T07:34:26.917+0000] {manager.py:997} INFO - 
================================================================================
DAG File Processing Stats

File Path                                             PID  Runtime      # DAGs    # Errors  Last Runtime    Last Run               Last # of DB Queries
--------------------------------------------------  -----  ---------  --------  ----------  --------------  -------------------  ----------------------
/opt/airflow/dags/kis_current_price_to_postgres.py     98  0.01s             1           0  0.12s           2026-04-27T07:33:56                      12
================================================================================
[2026-04-27T07:34:57.104+0000] {manager.py:997} INFO - 
================================================================================
DAG File Processing Stats

File Path                                             PID  Runtime      # DAGs    # Errors  Last Runtime    Last Run               Last # of DB Queries
--------------------------------------------------  -----  ---------  --------  ----------  --------------  -------------------  ----------------------
/opt/airflow/dags/kis_current_price_to_postgres.py     99  0.01s             1           0  0.12s           2026-04-27T07:34:27                      12
================================================================================
[2026-04-27T07:35:27.270+0000] {manager.py:997} INFO - 
================================================================================
DAG File Processing Stats

File Path                                             PID  Runtime      # DAGs    # Errors  Last Runtime    Last Run               Last # of DB Queries
--------------------------------------------------  -----  ---------  --------  ----------  --------------  -------------------  ----------------------
/opt/airflow/dags/kis_current_price_to_postgres.py    118  0.01s             1           0  0.12s           2026-04-27T07:34:57                      12
================================================================================
[2026-04-27T07:35:57.467+0000] {manager.py:997} INFO - 
================================================================================
DAG File Processing Stats

File Path                                             PID  Runtime      # DAGs    # Errors  Last Runtime    Last Run               Last # of DB Queries
--------------------------------------------------  -----  ---------  --------  ----------  --------------  -------------------  ----------------------
/opt/airflow/dags/kis_current_price_to_postgres.py    119  0.01s             1           0  0.13s           2026-04-27T07:35:27                      12
================================================================================
